{"/home/aldho/poc_aldho/assingment_project_AI/final_project/codeguardian_ai/backend/routes/ai-review.js": {"path":"/home/aldho/poc_aldho/assingment_project_AI/final_project/codeguardian_ai/backend/routes/ai-review.js","statementMap":{"0":{"start":{"line":1,"column":16},"end":{"line":1,"column":34}},"1":{"start":{"line":2,"column":15},"end":{"line":2,"column":32}},"2":{"start":{"line":3,"column":31},"end":{"line":3,"column":66}},"3":{"start":{"line":4,"column":19},"end":{"line":4,"column":52}},"4":{"start":{"line":5,"column":25},"end":{"line":5,"column":50}},"5":{"start":{"line":7,"column":15},"end":{"line":7,"column":31}},"6":{"start":{"line":8,"column":15},"end":{"line":8,"column":33}},"7":{"start":{"line":11,"column":15},"end":{"line":16,"column":2}},"8":{"start":{"line":19,"column":0},"end":{"line":67,"column":3}},"9":{"start":{"line":20,"column":2},"end":{"line":66,"column":3}},"10":{"start":{"line":21,"column":37},"end":{"line":21,"column":45}},"11":{"start":{"line":22,"column":24},"end":{"line":22,"column":48}},"12":{"start":{"line":24,"column":4},"end":{"line":24,"column":57}},"13":{"start":{"line":27,"column":26},"end":{"line":27,"column":80}},"14":{"start":{"line":30,"column":19},"end":{"line":38,"column":6}},"15":{"start":{"line":41,"column":4},"end":{"line":51,"column":7}},"16":{"start":{"line":53,"column":4},"end":{"line":58,"column":7}},"17":{"start":{"line":61,"column":4},"end":{"line":61,"column":45}},"18":{"start":{"line":62,"column":4},"end":{"line":65,"column":7}},"19":{"start":{"line":70,"column":0},"end":{"line":95,"column":3}},"20":{"start":{"line":71,"column":2},"end":{"line":94,"column":3}},"21":{"start":{"line":72,"column":19},"end":{"line":72,"column":29}},"22":{"start":{"line":74,"column":19},"end":{"line":83,"column":6}},"23":{"start":{"line":85,"column":4},"end":{"line":87,"column":5}},"24":{"start":{"line":86,"column":6},"end":{"line":86,"column":72}},"25":{"start":{"line":89,"column":4},"end":{"line":89,"column":21}},"26":{"start":{"line":92,"column":4},"end":{"line":92,"column":53}},"27":{"start":{"line":93,"column":4},"end":{"line":93,"column":51}},"28":{"start":{"line":98,"column":0},"end":{"line":121,"column":3}},"29":{"start":{"line":99,"column":2},"end":{"line":120,"column":3}},"30":{"start":{"line":100,"column":37},"end":{"line":100,"column":45}},"31":{"start":{"line":101,"column":24},"end":{"line":101,"column":48}},"32":{"start":{"line":102,"column":26},"end":{"line":102,"column":34}},"33":{"start":{"line":104,"column":4},"end":{"line":104,"column":94}},"34":{"start":{"line":106,"column":28},"end":{"line":106,"column":101}},"35":{"start":{"line":108,"column":4},"end":{"line":112,"column":7}},"36":{"start":{"line":115,"column":4},"end":{"line":115,"column":47}},"37":{"start":{"line":116,"column":4},"end":{"line":119,"column":7}},"38":{"start":{"line":123,"column":0},"end":{"line":123,"column":24}}},"fnMap":{"0":{"name":"(anonymous_0)","decl":{"start":{"line":19,"column":66},"end":{"line":19,"column":67}},"loc":{"start":{"line":19,"column":86},"end":{"line":67,"column":1}},"line":19},"1":{"name":"(anonymous_1)","decl":{"start":{"line":70,"column":26},"end":{"line":70,"column":27}},"loc":{"start":{"line":70,"column":46},"end":{"line":95,"column":1}},"line":70},"2":{"name":"(anonymous_2)","decl":{"start":{"line":98,"column":68},"end":{"line":98,"column":69}},"loc":{"start":{"line":98,"column":88},"end":{"line":121,"column":1}},"line":98}},"branchMap":{"0":{"loc":{"start":{"line":46,"column":23},"end":{"line":46,"column":56}},"type":"binary-expr","locations":[{"start":{"line":46,"column":23},"end":{"line":46,"column":51}},{"start":{"line":46,"column":55},"end":{"line":46,"column":56}}],"line":46},"1":{"loc":{"start":{"line":85,"column":4},"end":{"line":87,"column":5}},"type":"if","locations":[{"start":{"line":85,"column":4},"end":{"line":87,"column":5}},{"start":{},"end":{}}],"line":85},"2":{"loc":{"start":{"line":104,"column":67},"end":{"line":104,"column":89}},"type":"binary-expr","locations":[{"start":{"line":104,"column":67},"end":{"line":104,"column":76}},{"start":{"line":104,"column":80},"end":{"line":104,"column":89}}],"line":104}},"s":{"0":0,"1":0,"2":0,"3":0,"4":0,"5":0,"6":0,"7":0,"8":0,"9":0,"10":0,"11":0,"12":0,"13":0,"14":0,"15":0,"16":0,"17":0,"18":0,"19":0,"20":0,"21":0,"22":0,"23":0,"24":0,"25":0,"26":0,"27":0,"28":0,"29":0,"30":0,"31":0,"32":0,"33":0,"34":0,"35":0,"36":0,"37":0,"38":0},"f":{"0":0,"1":0,"2":0},"b":{"0":[0,0],"1":[0,0],"2":[0,0]}}
,"/home/aldho/poc_aldho/assingment_project_AI/final_project/codeguardian_ai/backend/routes/ai-review.refactored.js": {"path":"/home/aldho/poc_aldho/assingment_project_AI/final_project/codeguardian_ai/backend/routes/ai-review.refactored.js","statementMap":{"0":{"start":{"line":6,"column":16},"end":{"line":6,"column":34}},"1":{"start":{"line":7,"column":15},"end":{"line":7,"column":32}},"2":{"start":{"line":8,"column":19},"end":{"line":8,"column":63}},"3":{"start":{"line":9,"column":26},"end":{"line":9,"column":63}},"4":{"start":{"line":10,"column":24},"end":{"line":10,"column":59}},"5":{"start":{"line":11,"column":15},"end":{"line":11,"column":41}},"6":{"start":{"line":12,"column":21},"end":{"line":12,"column":53}},"7":{"start":{"line":14,"column":15},"end":{"line":14,"column":31}},"8":{"start":{"line":17,"column":15},"end":{"line":31,"column":2}},"9":{"start":{"line":24,"column":4},"end":{"line":29,"column":5}},"10":{"start":{"line":25,"column":6},"end":{"line":25,"column":49}},"11":{"start":{"line":26,"column":6},"end":{"line":26,"column":21}},"12":{"start":{"line":28,"column":6},"end":{"line":28,"column":23}},"13":{"start":{"line":37,"column":0},"end":{"line":142,"column":3}},"14":{"start":{"line":38,"column":20},"end":{"line":38,"column":85}},"15":{"start":{"line":40,"column":2},"end":{"line":141,"column":3}},"16":{"start":{"line":41,"column":4},"end":{"line":48,"column":7}},"17":{"start":{"line":53,"column":4},"end":{"line":74,"column":5}},"18":{"start":{"line":54,"column":6},"end":{"line":54,"column":46}},"19":{"start":{"line":55,"column":6},"end":{"line":55,"column":39}},"20":{"start":{"line":58,"column":6},"end":{"line":64,"column":7}},"21":{"start":{"line":59,"column":8},"end":{"line":63,"column":10}},"22":{"start":{"line":65,"column":11},"end":{"line":74,"column":5}},"23":{"start":{"line":66,"column":6},"end":{"line":66,"column":27}},"24":{"start":{"line":67,"column":6},"end":{"line":67,"column":54}},"25":{"start":{"line":69,"column":6},"end":{"line":73,"column":8}},"26":{"start":{"line":77,"column":4},"end":{"line":77,"column":44}},"27":{"start":{"line":80,"column":26},"end":{"line":90,"column":5}},"28":{"start":{"line":84,"column":65},"end":{"line":84,"column":73}},"29":{"start":{"line":93,"column":23},"end":{"line":93,"column":79}},"30":{"start":{"line":94,"column":4},"end":{"line":100,"column":5}},"31":{"start":{"line":95,"column":6},"end":{"line":99,"column":8}},"32":{"start":{"line":102,"column":4},"end":{"line":107,"column":7}},"33":{"start":{"line":110,"column":25},"end":{"line":110,"column":69}},"34":{"start":{"line":113,"column":21},"end":{"line":121,"column":5}},"35":{"start":{"line":123,"column":4},"end":{"line":129,"column":7}},"36":{"start":{"line":131,"column":4},"end":{"line":131,"column":91}},"37":{"start":{"line":134,"column":4},"end":{"line":138,"column":7}},"38":{"start":{"line":140,"column":4},"end":{"line":140,"column":16}},"39":{"start":{"line":148,"column":0},"end":{"line":228,"column":3}},"40":{"start":{"line":149,"column":20},"end":{"line":149,"column":91}},"41":{"start":{"line":151,"column":2},"end":{"line":227,"column":3}},"42":{"start":{"line":152,"column":4},"end":{"line":157,"column":7}},"43":{"start":{"line":159,"column":4},"end":{"line":165,"column":5}},"44":{"start":{"line":160,"column":6},"end":{"line":164,"column":8}},"45":{"start":{"line":168,"column":18},"end":{"line":172,"column":7}},"46":{"start":{"line":168,"column":41},"end":{"line":172,"column":5}},"47":{"start":{"line":175,"column":4},"end":{"line":183,"column":5}},"48":{"start":{"line":176,"column":6},"end":{"line":182,"column":7}},"49":{"start":{"line":177,"column":8},"end":{"line":181,"column":10}},"50":{"start":{"line":185,"column":26},"end":{"line":191,"column":5}},"51":{"start":{"line":189,"column":65},"end":{"line":189,"column":73}},"52":{"start":{"line":193,"column":4},"end":{"line":198,"column":7}},"53":{"start":{"line":196,"column":42},"end":{"line":196,"column":54}},"54":{"start":{"line":201,"column":24},"end":{"line":201,"column":74}},"55":{"start":{"line":204,"column":21},"end":{"line":211,"column":5}},"56":{"start":{"line":213,"column":4},"end":{"line":216,"column":7}},"57":{"start":{"line":218,"column":4},"end":{"line":218,"column":84}},"58":{"start":{"line":221,"column":4},"end":{"line":224,"column":7}},"59":{"start":{"line":226,"column":4},"end":{"line":226,"column":16}},"60":{"start":{"line":234,"column":0},"end":{"line":307,"column":3}},"61":{"start":{"line":235,"column":20},"end":{"line":235,"column":87}},"62":{"start":{"line":237,"column":2},"end":{"line":306,"column":3}},"63":{"start":{"line":238,"column":4},"end":{"line":242,"column":7}},"64":{"start":{"line":247,"column":4},"end":{"line":259,"column":5}},"65":{"start":{"line":248,"column":6},"end":{"line":248,"column":46}},"66":{"start":{"line":249,"column":6},"end":{"line":249,"column":39}},"67":{"start":{"line":250,"column":11},"end":{"line":259,"column":5}},"68":{"start":{"line":251,"column":6},"end":{"line":251,"column":27}},"69":{"start":{"line":252,"column":6},"end":{"line":252,"column":57}},"70":{"start":{"line":254,"column":6},"end":{"line":258,"column":8}},"71":{"start":{"line":261,"column":4},"end":{"line":261,"column":44}},"72":{"start":{"line":263,"column":28},"end":{"line":270,"column":5}},"73":{"start":{"line":267,"column":65},"end":{"line":267,"column":73}},"74":{"start":{"line":272,"column":4},"end":{"line":277,"column":7}},"75":{"start":{"line":279,"column":27},"end":{"line":279,"column":73}},"76":{"start":{"line":281,"column":21},"end":{"line":289,"column":5}},"77":{"start":{"line":291,"column":4},"end":{"line":295,"column":7}},"78":{"start":{"line":297,"column":4},"end":{"line":297,"column":97}},"79":{"start":{"line":300,"column":4},"end":{"line":303,"column":7}},"80":{"start":{"line":305,"column":4},"end":{"line":305,"column":16}},"81":{"start":{"line":313,"column":0},"end":{"line":387,"column":3}},"82":{"start":{"line":314,"column":20},"end":{"line":314,"column":90}},"83":{"start":{"line":316,"column":2},"end":{"line":386,"column":3}},"84":{"start":{"line":317,"column":4},"end":{"line":321,"column":7}},"85":{"start":{"line":326,"column":4},"end":{"line":338,"column":5}},"86":{"start":{"line":327,"column":6},"end":{"line":327,"column":46}},"87":{"start":{"line":328,"column":6},"end":{"line":328,"column":39}},"88":{"start":{"line":329,"column":11},"end":{"line":338,"column":5}},"89":{"start":{"line":330,"column":6},"end":{"line":330,"column":27}},"90":{"start":{"line":331,"column":6},"end":{"line":331,"column":63}},"91":{"start":{"line":333,"column":6},"end":{"line":337,"column":8}},"92":{"start":{"line":340,"column":4},"end":{"line":340,"column":44}},"93":{"start":{"line":342,"column":28},"end":{"line":349,"column":5}},"94":{"start":{"line":351,"column":4},"end":{"line":356,"column":7}},"95":{"start":{"line":358,"column":27},"end":{"line":358,"column":73}},"96":{"start":{"line":360,"column":21},"end":{"line":368,"column":5}},"97":{"start":{"line":370,"column":4},"end":{"line":375,"column":7}},"98":{"start":{"line":377,"column":4},"end":{"line":377,"column":97}},"99":{"start":{"line":380,"column":4},"end":{"line":383,"column":7}},"100":{"start":{"line":385,"column":4},"end":{"line":385,"column":16}},"101":{"start":{"line":393,"column":0},"end":{"line":467,"column":3}},"102":{"start":{"line":394,"column":20},"end":{"line":394,"column":86}},"103":{"start":{"line":396,"column":2},"end":{"line":466,"column":3}},"104":{"start":{"line":397,"column":4},"end":{"line":401,"column":7}},"105":{"start":{"line":406,"column":4},"end":{"line":418,"column":5}},"106":{"start":{"line":407,"column":6},"end":{"line":407,"column":46}},"107":{"start":{"line":408,"column":6},"end":{"line":408,"column":39}},"108":{"start":{"line":409,"column":11},"end":{"line":418,"column":5}},"109":{"start":{"line":410,"column":6},"end":{"line":410,"column":27}},"110":{"start":{"line":411,"column":6},"end":{"line":411,"column":66}},"111":{"start":{"line":413,"column":6},"end":{"line":417,"column":8}},"112":{"start":{"line":420,"column":4},"end":{"line":420,"column":44}},"113":{"start":{"line":422,"column":31},"end":{"line":429,"column":5}},"114":{"start":{"line":431,"column":4},"end":{"line":436,"column":7}},"115":{"start":{"line":438,"column":30},"end":{"line":438,"column":79}},"116":{"start":{"line":440,"column":21},"end":{"line":448,"column":5}},"117":{"start":{"line":450,"column":4},"end":{"line":455,"column":7}},"118":{"start":{"line":457,"column":4},"end":{"line":457,"column":100}},"119":{"start":{"line":460,"column":4},"end":{"line":463,"column":7}},"120":{"start":{"line":465,"column":4},"end":{"line":465,"column":16}},"121":{"start":{"line":473,"column":0},"end":{"line":534,"column":3}},"122":{"start":{"line":474,"column":2},"end":{"line":533,"column":3}},"123":{"start":{"line":475,"column":4},"end":{"line":475,"column":59}},"124":{"start":{"line":477,"column":25},"end":{"line":526,"column":5}},"125":{"start":{"line":528,"column":4},"end":{"line":528,"column":103}},"126":{"start":{"line":531,"column":4},"end":{"line":531,"column":69}},"127":{"start":{"line":532,"column":4},"end":{"line":532,"column":16}},"128":{"start":{"line":540,"column":0},"end":{"line":572,"column":3}},"129":{"start":{"line":541,"column":2},"end":{"line":571,"column":3}},"130":{"start":{"line":542,"column":19},"end":{"line":564,"column":5}},"131":{"start":{"line":566,"column":4},"end":{"line":566,"column":80}},"132":{"start":{"line":569,"column":4},"end":{"line":569,"column":65}},"133":{"start":{"line":570,"column":4},"end":{"line":570,"column":16}},"134":{"start":{"line":575,"column":0},"end":{"line":597,"column":3}},"135":{"start":{"line":576,"column":2},"end":{"line":593,"column":3}},"136":{"start":{"line":577,"column":4},"end":{"line":577,"column":95}},"137":{"start":{"line":579,"column":4},"end":{"line":592,"column":5}},"138":{"start":{"line":581,"column":8},"end":{"line":583,"column":10}},"139":{"start":{"line":585,"column":8},"end":{"line":587,"column":10}},"140":{"start":{"line":589,"column":8},"end":{"line":591,"column":10}},"141":{"start":{"line":596,"column":2},"end":{"line":596,"column":14}},"142":{"start":{"line":599,"column":0},"end":{"line":599,"column":24}}},"fnMap":{"0":{"name":"(anonymous_0)","decl":{"start":{"line":23,"column":14},"end":{"line":23,"column":15}},"loc":{"start":{"line":23,"column":33},"end":{"line":30,"column":3}},"line":23},"1":{"name":"(anonymous_1)","decl":{"start":{"line":37,"column":47},"end":{"line":37,"column":48}},"loc":{"start":{"line":37,"column":73},"end":{"line":142,"column":1}},"line":37},"2":{"name":"(anonymous_2)","decl":{"start":{"line":84,"column":60},"end":{"line":84,"column":61}},"loc":{"start":{"line":84,"column":65},"end":{"line":84,"column":73}},"line":84},"3":{"name":"(anonymous_3)","decl":{"start":{"line":148,"column":57},"end":{"line":148,"column":58}},"loc":{"start":{"line":148,"column":83},"end":{"line":228,"column":1}},"line":148},"4":{"name":"(anonymous_4)","decl":{"start":{"line":168,"column":32},"end":{"line":168,"column":33}},"loc":{"start":{"line":168,"column":41},"end":{"line":172,"column":5}},"line":168},"5":{"name":"(anonymous_5)","decl":{"start":{"line":189,"column":60},"end":{"line":189,"column":61}},"loc":{"start":{"line":189,"column":65},"end":{"line":189,"column":73}},"line":189},"6":{"name":"(anonymous_6)","decl":{"start":{"line":196,"column":30},"end":{"line":196,"column":31}},"loc":{"start":{"line":196,"column":42},"end":{"line":196,"column":54}},"line":196},"7":{"name":"(anonymous_7)","decl":{"start":{"line":234,"column":48},"end":{"line":234,"column":49}},"loc":{"start":{"line":234,"column":74},"end":{"line":307,"column":1}},"line":234},"8":{"name":"(anonymous_8)","decl":{"start":{"line":267,"column":60},"end":{"line":267,"column":61}},"loc":{"start":{"line":267,"column":65},"end":{"line":267,"column":73}},"line":267},"9":{"name":"(anonymous_9)","decl":{"start":{"line":313,"column":57},"end":{"line":313,"column":58}},"loc":{"start":{"line":313,"column":83},"end":{"line":387,"column":1}},"line":313},"10":{"name":"(anonymous_10)","decl":{"start":{"line":393,"column":60},"end":{"line":393,"column":61}},"loc":{"start":{"line":393,"column":86},"end":{"line":467,"column":1}},"line":393},"11":{"name":"(anonymous_11)","decl":{"start":{"line":473,"column":28},"end":{"line":473,"column":29}},"loc":{"start":{"line":473,"column":54},"end":{"line":534,"column":1}},"line":473},"12":{"name":"(anonymous_12)","decl":{"start":{"line":540,"column":22},"end":{"line":540,"column":23}},"loc":{"start":{"line":540,"column":48},"end":{"line":572,"column":1}},"line":540},"13":{"name":"(anonymous_13)","decl":{"start":{"line":575,"column":11},"end":{"line":575,"column":12}},"loc":{"start":{"line":575,"column":38},"end":{"line":597,"column":1}},"line":575}},"branchMap":{"0":{"loc":{"start":{"line":45,"column":18},"end":{"line":45,"column":47}},"type":"binary-expr","locations":[{"start":{"line":45,"column":18},"end":{"line":45,"column":31}},{"start":{"line":45,"column":35},"end":{"line":45,"column":47}}],"line":45},"1":{"loc":{"start":{"line":53,"column":4},"end":{"line":74,"column":5}},"type":"if","locations":[{"start":{"line":53,"column":4},"end":{"line":74,"column":5}},{"start":{"line":65,"column":11},"end":{"line":74,"column":5}}],"line":53},"2":{"loc":{"start":{"line":58,"column":6},"end":{"line":64,"column":7}},"type":"if","locations":[{"start":{"line":58,"column":6},"end":{"line":64,"column":7}},{"start":{},"end":{}}],"line":58},"3":{"loc":{"start":{"line":65,"column":11},"end":{"line":74,"column":5}},"type":"if","locations":[{"start":{"line":65,"column":11},"end":{"line":74,"column":5}},{"start":{"line":68,"column":11},"end":{"line":74,"column":5}}],"line":65},"4":{"loc":{"start":{"line":67,"column":17},"end":{"line":67,"column":53}},"type":"binary-expr","locations":[{"start":{"line":67,"column":17},"end":{"line":67,"column":34}},{"start":{"line":67,"column":38},"end":{"line":67,"column":53}}],"line":67},"5":{"loc":{"start":{"line":81,"column":12},"end":{"line":81,"column":41}},"type":"binary-expr","locations":[{"start":{"line":81,"column":12},"end":{"line":81,"column":25}},{"start":{"line":81,"column":29},"end":{"line":81,"column":41}}],"line":81},"6":{"loc":{"start":{"line":84,"column":13},"end":{"line":84,"column":86}},"type":"cond-expr","locations":[{"start":{"line":84,"column":30},"end":{"line":84,"column":74}},{"start":{"line":84,"column":77},"end":{"line":84,"column":86}}],"line":84},"7":{"loc":{"start":{"line":94,"column":4},"end":{"line":100,"column":5}},"type":"if","locations":[{"start":{"line":94,"column":4},"end":{"line":100,"column":5}},{"start":{},"end":{}}],"line":94},"8":{"loc":{"start":{"line":126,"column":19},"end":{"line":126,"column":47}},"type":"binary-expr","locations":[{"start":{"line":126,"column":19},"end":{"line":126,"column":42}},{"start":{"line":126,"column":46},"end":{"line":126,"column":47}}],"line":126},"9":{"loc":{"start":{"line":154,"column":17},"end":{"line":154,"column":39}},"type":"binary-expr","locations":[{"start":{"line":154,"column":17},"end":{"line":154,"column":34}},{"start":{"line":154,"column":38},"end":{"line":154,"column":39}}],"line":154},"10":{"loc":{"start":{"line":155,"column":18},"end":{"line":155,"column":47}},"type":"binary-expr","locations":[{"start":{"line":155,"column":18},"end":{"line":155,"column":31}},{"start":{"line":155,"column":35},"end":{"line":155,"column":47}}],"line":155},"11":{"loc":{"start":{"line":159,"column":4},"end":{"line":165,"column":5}},"type":"if","locations":[{"start":{"line":159,"column":4},"end":{"line":165,"column":5}},{"start":{},"end":{}}],"line":159},"12":{"loc":{"start":{"line":159,"column":8},"end":{"line":159,"column":44}},"type":"binary-expr","locations":[{"start":{"line":159,"column":8},"end":{"line":159,"column":18}},{"start":{"line":159,"column":22},"end":{"line":159,"column":44}}],"line":159},"13":{"loc":{"start":{"line":176,"column":6},"end":{"line":182,"column":7}},"type":"if","locations":[{"start":{"line":176,"column":6},"end":{"line":182,"column":7}},{"start":{},"end":{}}],"line":176},"14":{"loc":{"start":{"line":186,"column":12},"end":{"line":186,"column":41}},"type":"binary-expr","locations":[{"start":{"line":186,"column":12},"end":{"line":186,"column":25}},{"start":{"line":186,"column":29},"end":{"line":186,"column":41}}],"line":186},"15":{"loc":{"start":{"line":189,"column":13},"end":{"line":189,"column":86}},"type":"cond-expr","locations":[{"start":{"line":189,"column":30},"end":{"line":189,"column":74}},{"start":{"line":189,"column":77},"end":{"line":189,"column":86}}],"line":189},"16":{"loc":{"start":{"line":247,"column":4},"end":{"line":259,"column":5}},"type":"if","locations":[{"start":{"line":247,"column":4},"end":{"line":259,"column":5}},{"start":{"line":250,"column":11},"end":{"line":259,"column":5}}],"line":247},"17":{"loc":{"start":{"line":250,"column":11},"end":{"line":259,"column":5}},"type":"if","locations":[{"start":{"line":250,"column":11},"end":{"line":259,"column":5}},{"start":{"line":253,"column":11},"end":{"line":259,"column":5}}],"line":250},"18":{"loc":{"start":{"line":252,"column":17},"end":{"line":252,"column":56}},"type":"binary-expr","locations":[{"start":{"line":252,"column":17},"end":{"line":252,"column":34}},{"start":{"line":252,"column":38},"end":{"line":252,"column":56}}],"line":252},"19":{"loc":{"start":{"line":267,"column":13},"end":{"line":267,"column":117}},"type":"cond-expr","locations":[{"start":{"line":267,"column":30},"end":{"line":267,"column":74}},{"start":{"line":267,"column":77},"end":{"line":267,"column":117}}],"line":267},"20":{"loc":{"start":{"line":293,"column":25},"end":{"line":293,"column":59}},"type":"binary-expr","locations":[{"start":{"line":293,"column":25},"end":{"line":293,"column":54}},{"start":{"line":293,"column":58},"end":{"line":293,"column":59}}],"line":293},"21":{"loc":{"start":{"line":326,"column":4},"end":{"line":338,"column":5}},"type":"if","locations":[{"start":{"line":326,"column":4},"end":{"line":338,"column":5}},{"start":{"line":329,"column":11},"end":{"line":338,"column":5}}],"line":326},"22":{"loc":{"start":{"line":329,"column":11},"end":{"line":338,"column":5}},"type":"if","locations":[{"start":{"line":329,"column":11},"end":{"line":338,"column":5}},{"start":{"line":332,"column":11},"end":{"line":338,"column":5}}],"line":329},"23":{"loc":{"start":{"line":331,"column":17},"end":{"line":331,"column":62}},"type":"binary-expr","locations":[{"start":{"line":331,"column":17},"end":{"line":331,"column":34}},{"start":{"line":331,"column":38},"end":{"line":331,"column":62}}],"line":331},"24":{"loc":{"start":{"line":372,"column":28},"end":{"line":372,"column":65}},"type":"binary-expr","locations":[{"start":{"line":372,"column":28},"end":{"line":372,"column":60}},{"start":{"line":372,"column":64},"end":{"line":372,"column":65}}],"line":372},"25":{"loc":{"start":{"line":406,"column":4},"end":{"line":418,"column":5}},"type":"if","locations":[{"start":{"line":406,"column":4},"end":{"line":418,"column":5}},{"start":{"line":409,"column":11},"end":{"line":418,"column":5}}],"line":406},"26":{"loc":{"start":{"line":409,"column":11},"end":{"line":418,"column":5}},"type":"if","locations":[{"start":{"line":409,"column":11},"end":{"line":418,"column":5}},{"start":{"line":412,"column":11},"end":{"line":418,"column":5}}],"line":409},"27":{"loc":{"start":{"line":411,"column":17},"end":{"line":411,"column":65}},"type":"binary-expr","locations":[{"start":{"line":411,"column":17},"end":{"line":411,"column":34}},{"start":{"line":411,"column":38},"end":{"line":411,"column":65}}],"line":411},"28":{"loc":{"start":{"line":452,"column":26},"end":{"line":452,"column":61}},"type":"binary-expr","locations":[{"start":{"line":452,"column":26},"end":{"line":452,"column":56}},{"start":{"line":452,"column":60},"end":{"line":452,"column":61}}],"line":452},"29":{"loc":{"start":{"line":550,"column":16},"end":{"line":550,"column":76}},"type":"cond-expr","locations":[{"start":{"line":550,"column":45},"end":{"line":550,"column":57}},{"start":{"line":550,"column":60},"end":{"line":550,"column":76}}],"line":550},"30":{"loc":{"start":{"line":576,"column":2},"end":{"line":593,"column":3}},"type":"if","locations":[{"start":{"line":576,"column":2},"end":{"line":593,"column":3}},{"start":{},"end":{}}],"line":576},"31":{"loc":{"start":{"line":579,"column":4},"end":{"line":592,"column":5}},"type":"switch","locations":[{"start":{"line":580,"column":6},"end":{"line":583,"column":10}},{"start":{"line":584,"column":6},"end":{"line":587,"column":10}},{"start":{"line":588,"column":6},"end":{"line":591,"column":10}}],"line":579}},"s":{"0":0,"1":0,"2":0,"3":0,"4":0,"5":0,"6":0,"7":0,"8":0,"9":0,"10":0,"11":0,"12":0,"13":0,"14":0,"15":0,"16":0,"17":0,"18":0,"19":0,"20":0,"21":0,"22":0,"23":0,"24":0,"25":0,"26":0,"27":0,"28":0,"29":0,"30":0,"31":0,"32":0,"33":0,"34":0,"35":0,"36":0,"37":0,"38":0,"39":0,"40":0,"41":0,"42":0,"43":0,"44":0,"45":0,"46":0,"47":0,"48":0,"49":0,"50":0,"51":0,"52":0,"53":0,"54":0,"55":0,"56":0,"57":0,"58":0,"59":0,"60":0,"61":0,"62":0,"63":0,"64":0,"65":0,"66":0,"67":0,"68":0,"69":0,"70":0,"71":0,"72":0,"73":0,"74":0,"75":0,"76":0,"77":0,"78":0,"79":0,"80":0,"81":0,"82":0,"83":0,"84":0,"85":0,"86":0,"87":0,"88":0,"89":0,"90":0,"91":0,"92":0,"93":0,"94":0,"95":0,"96":0,"97":0,"98":0,"99":0,"100":0,"101":0,"102":0,"103":0,"104":0,"105":0,"106":0,"107":0,"108":0,"109":0,"110":0,"111":0,"112":0,"113":0,"114":0,"115":0,"116":0,"117":0,"118":0,"119":0,"120":0,"121":0,"122":0,"123":0,"124":0,"125":0,"126":0,"127":0,"128":0,"129":0,"130":0,"131":0,"132":0,"133":0,"134":0,"135":0,"136":0,"137":0,"138":0,"139":0,"140":0,"141":0,"142":0},"f":{"0":0,"1":0,"2":0,"3":0,"4":0,"5":0,"6":0,"7":0,"8":0,"9":0,"10":0,"11":0,"12":0,"13":0},"b":{"0":[0,0],"1":[0,0],"2":[0,0],"3":[0,0],"4":[0,0],"5":[0,0],"6":[0,0],"7":[0,0],"8":[0,0],"9":[0,0],"10":[0,0],"11":[0,0],"12":[0,0],"13":[0,0],"14":[0,0],"15":[0,0],"16":[0,0],"17":[0,0],"18":[0,0],"19":[0,0],"20":[0,0],"21":[0,0],"22":[0,0],"23":[0,0],"24":[0,0],"25":[0,0],"26":[0,0],"27":[0,0],"28":[0,0],"29":[0,0],"30":[0,0],"31":[0,0,0]}}
,"/home/aldho/poc_aldho/assingment_project_AI/final_project/codeguardian_ai/backend/routes/auth.js": {"path":"/home/aldho/poc_aldho/assingment_project_AI/final_project/codeguardian_ai/backend/routes/auth.js","statementMap":{"0":{"start":{"line":1,"column":16},"end":{"line":1,"column":34}},"1":{"start":{"line":2,"column":15},"end":{"line":2,"column":34}},"2":{"start":{"line":3,"column":12},"end":{"line":3,"column":35}},"3":{"start":{"line":4,"column":25},"end":{"line":4,"column":50}},"4":{"start":{"line":5,"column":48},"end":{"line":5,"column":83}},"5":{"start":{"line":7,"column":15},"end":{"line":7,"column":31}},"6":{"start":{"line":8,"column":15},"end":{"line":8,"column":33}},"7":{"start":{"line":11,"column":0},"end":{"line":59,"column":3}},"8":{"start":{"line":12,"column":2},"end":{"line":58,"column":3}},"9":{"start":{"line":13,"column":38},"end":{"line":13,"column":46}},"10":{"start":{"line":16,"column":25},"end":{"line":18,"column":6}},"11":{"start":{"line":20,"column":4},"end":{"line":22,"column":5}},"12":{"start":{"line":21,"column":6},"end":{"line":21,"column":68}},"13":{"start":{"line":25,"column":27},"end":{"line":25,"column":58}},"14":{"start":{"line":28,"column":17},"end":{"line":40,"column":6}},"15":{"start":{"line":43,"column":18},"end":{"line":47,"column":5}},"16":{"start":{"line":49,"column":4},"end":{"line":53,"column":7}},"17":{"start":{"line":56,"column":4},"end":{"line":56,"column":48}},"18":{"start":{"line":57,"column":4},"end":{"line":57,"column":51}},"19":{"start":{"line":62,"column":0},"end":{"line":103,"column":3}},"20":{"start":{"line":63,"column":2},"end":{"line":102,"column":3}},"21":{"start":{"line":64,"column":32},"end":{"line":64,"column":40}},"22":{"start":{"line":67,"column":17},"end":{"line":69,"column":6}},"23":{"start":{"line":71,"column":4},"end":{"line":73,"column":5}},"24":{"start":{"line":72,"column":6},"end":{"line":72,"column":68}},"25":{"start":{"line":76,"column":28},"end":{"line":76,"column":73}},"26":{"start":{"line":78,"column":4},"end":{"line":80,"column":5}},"27":{"start":{"line":79,"column":6},"end":{"line":79,"column":68}},"28":{"start":{"line":83,"column":18},"end":{"line":87,"column":5}},"29":{"start":{"line":89,"column":4},"end":{"line":97,"column":7}},"30":{"start":{"line":100,"column":4},"end":{"line":100,"column":41}},"31":{"start":{"line":101,"column":4},"end":{"line":101,"column":51}},"32":{"start":{"line":106,"column":0},"end":{"line":136,"column":3}},"33":{"start":{"line":107,"column":2},"end":{"line":135,"column":3}},"34":{"start":{"line":108,"column":18},"end":{"line":108,"column":58}},"35":{"start":{"line":110,"column":4},"end":{"line":112,"column":5}},"36":{"start":{"line":111,"column":6},"end":{"line":111,"column":66}},"37":{"start":{"line":114,"column":20},"end":{"line":114,"column":61}},"38":{"start":{"line":116,"column":17},"end":{"line":124,"column":6}},"39":{"start":{"line":126,"column":4},"end":{"line":128,"column":5}},"40":{"start":{"line":127,"column":6},"end":{"line":127,"column":63}},"41":{"start":{"line":130,"column":4},"end":{"line":130,"column":23}},"42":{"start":{"line":133,"column":4},"end":{"line":133,"column":44}},"43":{"start":{"line":134,"column":4},"end":{"line":134,"column":53}},"44":{"start":{"line":138,"column":0},"end":{"line":138,"column":24}}},"fnMap":{"0":{"name":"(anonymous_0)","decl":{"start":{"line":11,"column":47},"end":{"line":11,"column":48}},"loc":{"start":{"line":11,"column":67},"end":{"line":59,"column":1}},"line":11},"1":{"name":"(anonymous_1)","decl":{"start":{"line":62,"column":37},"end":{"line":62,"column":38}},"loc":{"start":{"line":62,"column":57},"end":{"line":103,"column":1}},"line":62},"2":{"name":"(anonymous_2)","decl":{"start":{"line":106,"column":18},"end":{"line":106,"column":19}},"loc":{"start":{"line":106,"column":38},"end":{"line":136,"column":1}},"line":106}},"branchMap":{"0":{"loc":{"start":{"line":20,"column":4},"end":{"line":22,"column":5}},"type":"if","locations":[{"start":{"line":20,"column":4},"end":{"line":22,"column":5}},{"start":{},"end":{}}],"line":20},"1":{"loc":{"start":{"line":71,"column":4},"end":{"line":73,"column":5}},"type":"if","locations":[{"start":{"line":71,"column":4},"end":{"line":73,"column":5}},{"start":{},"end":{}}],"line":71},"2":{"loc":{"start":{"line":71,"column":8},"end":{"line":71,"column":31}},"type":"binary-expr","locations":[{"start":{"line":71,"column":8},"end":{"line":71,"column":13}},{"start":{"line":71,"column":17},"end":{"line":71,"column":31}}],"line":71},"3":{"loc":{"start":{"line":78,"column":4},"end":{"line":80,"column":5}},"type":"if","locations":[{"start":{"line":78,"column":4},"end":{"line":80,"column":5}},{"start":{},"end":{}}],"line":78},"4":{"loc":{"start":{"line":110,"column":4},"end":{"line":112,"column":5}},"type":"if","locations":[{"start":{"line":110,"column":4},"end":{"line":112,"column":5}},{"start":{},"end":{}}],"line":110},"5":{"loc":{"start":{"line":126,"column":4},"end":{"line":128,"column":5}},"type":"if","locations":[{"start":{"line":126,"column":4},"end":{"line":128,"column":5}},{"start":{},"end":{}}],"line":126}},"s":{"0":0,"1":0,"2":0,"3":0,"4":0,"5":0,"6":0,"7":0,"8":0,"9":0,"10":0,"11":0,"12":0,"13":0,"14":0,"15":0,"16":0,"17":0,"18":0,"19":0,"20":0,"21":0,"22":0,"23":0,"24":0,"25":0,"26":0,"27":0,"28":0,"29":0,"30":0,"31":0,"32":0,"33":0,"34":0,"35":0,"36":0,"37":0,"38":0,"39":0,"40":0,"41":0,"42":0,"43":0,"44":0},"f":{"0":0,"1":0,"2":0},"b":{"0":[0,0],"1":[0,0],"2":[0,0],"3":[0,0],"4":[0,0],"5":[0,0]}}
,"/home/aldho/poc_aldho/assingment_project_AI/final_project/codeguardian_ai/backend/routes/security.js": {"path":"/home/aldho/poc_aldho/assingment_project_AI/final_project/codeguardian_ai/backend/routes/security.js","statementMap":{"0":{"start":{"line":1,"column":16},"end":{"line":1,"column":34}},"1":{"start":{"line":2,"column":15},"end":{"line":2,"column":32}},"2":{"start":{"line":3,"column":31},"end":{"line":3,"column":66}},"3":{"start":{"line":4,"column":24},"end":{"line":4,"column":62}},"4":{"start":{"line":5,"column":25},"end":{"line":5,"column":50}},"5":{"start":{"line":7,"column":15},"end":{"line":7,"column":31}},"6":{"start":{"line":8,"column":15},"end":{"line":8,"column":33}},"7":{"start":{"line":11,"column":15},"end":{"line":27,"column":2}},"8":{"start":{"line":18,"column":25},"end":{"line":18,"column":98}},"9":{"start":{"line":19,"column":20},"end":{"line":19,"column":97}},"10":{"start":{"line":21,"column":4},"end":{"line":25,"column":5}},"11":{"start":{"line":22,"column":6},"end":{"line":22,"column":21}},"12":{"start":{"line":24,"column":6},"end":{"line":24,"column":71}},"13":{"start":{"line":30,"column":0},"end":{"line":83,"column":3}},"14":{"start":{"line":31,"column":2},"end":{"line":82,"column":3}},"15":{"start":{"line":32,"column":37},"end":{"line":32,"column":45}},"16":{"start":{"line":33,"column":24},"end":{"line":33,"column":48}},"17":{"start":{"line":35,"column":4},"end":{"line":35,"column":53}},"18":{"start":{"line":38,"column":24},"end":{"line":38,"column":81}},"19":{"start":{"line":41,"column":19},"end":{"line":50,"column":6}},"20":{"start":{"line":53,"column":4},"end":{"line":64,"column":7}},"21":{"start":{"line":66,"column":4},"end":{"line":74,"column":7}},"22":{"start":{"line":77,"column":4},"end":{"line":77,"column":49}},"23":{"start":{"line":78,"column":4},"end":{"line":81,"column":7}},"24":{"start":{"line":86,"column":0},"end":{"line":113,"column":3}},"25":{"start":{"line":87,"column":2},"end":{"line":112,"column":3}},"26":{"start":{"line":88,"column":19},"end":{"line":88,"column":29}},"27":{"start":{"line":90,"column":19},"end":{"line":101,"column":6}},"28":{"start":{"line":103,"column":4},"end":{"line":105,"column":5}},"29":{"start":{"line":104,"column":6},"end":{"line":104,"column":70}},"30":{"start":{"line":107,"column":4},"end":{"line":107,"column":21}},"31":{"start":{"line":110,"column":4},"end":{"line":110,"column":51}},"32":{"start":{"line":111,"column":4},"end":{"line":111,"column":51}},"33":{"start":{"line":116,"column":0},"end":{"line":154,"column":3}},"34":{"start":{"line":117,"column":2},"end":{"line":153,"column":3}},"35":{"start":{"line":118,"column":43},"end":{"line":118,"column":52}},"36":{"start":{"line":119,"column":17},"end":{"line":119,"column":35}},"37":{"start":{"line":121,"column":18},"end":{"line":121,"column":48}},"38":{"start":{"line":123,"column":20},"end":{"line":136,"column":6}},"39":{"start":{"line":138,"column":18},"end":{"line":138,"column":58}},"40":{"start":{"line":140,"column":4},"end":{"line":148,"column":7}},"41":{"start":{"line":151,"column":4},"end":{"line":151,"column":52}},"42":{"start":{"line":152,"column":4},"end":{"line":152,"column":51}},"43":{"start":{"line":156,"column":0},"end":{"line":156,"column":24}}},"fnMap":{"0":{"name":"(anonymous_0)","decl":{"start":{"line":16,"column":14},"end":{"line":16,"column":15}},"loc":{"start":{"line":16,"column":33},"end":{"line":26,"column":3}},"line":16},"1":{"name":"(anonymous_1)","decl":{"start":{"line":30,"column":64},"end":{"line":30,"column":65}},"loc":{"start":{"line":30,"column":84},"end":{"line":83,"column":1}},"line":30},"2":{"name":"(anonymous_2)","decl":{"start":{"line":86,"column":24},"end":{"line":86,"column":25}},"loc":{"start":{"line":86,"column":44},"end":{"line":113,"column":1}},"line":86},"3":{"name":"(anonymous_3)","decl":{"start":{"line":116,"column":21},"end":{"line":116,"column":22}},"loc":{"start":{"line":116,"column":41},"end":{"line":154,"column":1}},"line":116}},"branchMap":{"0":{"loc":{"start":{"line":21,"column":4},"end":{"line":25,"column":5}},"type":"if","locations":[{"start":{"line":21,"column":4},"end":{"line":25,"column":5}},{"start":{"line":23,"column":11},"end":{"line":25,"column":5}}],"line":21},"1":{"loc":{"start":{"line":103,"column":4},"end":{"line":105,"column":5}},"type":"if","locations":[{"start":{"line":103,"column":4},"end":{"line":105,"column":5}},{"start":{},"end":{}}],"line":103},"2":{"loc":{"start":{"line":118,"column":12},"end":{"line":118,"column":20}},"type":"default-arg","locations":[{"start":{"line":118,"column":19},"end":{"line":118,"column":20}}],"line":118},"3":{"loc":{"start":{"line":118,"column":22},"end":{"line":118,"column":32}},"type":"default-arg","locations":[{"start":{"line":118,"column":30},"end":{"line":118,"column":32}}],"line":118},"4":{"loc":{"start":{"line":121,"column":18},"end":{"line":121,"column":48}},"type":"cond-expr","locations":[{"start":{"line":121,"column":25},"end":{"line":121,"column":43}},{"start":{"line":121,"column":46},"end":{"line":121,"column":48}}],"line":121}},"s":{"0":0,"1":0,"2":0,"3":0,"4":0,"5":0,"6":0,"7":0,"8":0,"9":0,"10":0,"11":0,"12":0,"13":0,"14":0,"15":0,"16":0,"17":0,"18":0,"19":0,"20":0,"21":0,"22":0,"23":0,"24":0,"25":0,"26":0,"27":0,"28":0,"29":0,"30":0,"31":0,"32":0,"33":0,"34":0,"35":0,"36":0,"37":0,"38":0,"39":0,"40":0,"41":0,"42":0,"43":0},"f":{"0":0,"1":0,"2":0,"3":0},"b":{"0":[0,0],"1":[0,0],"2":[0],"3":[0],"4":[0,0]}}
,"/home/aldho/poc_aldho/assingment_project_AI/final_project/codeguardian_ai/backend/routes/security.refactored.js": {"path":"/home/aldho/poc_aldho/assingment_project_AI/final_project/codeguardian_ai/backend/routes/security.refactored.js","statementMap":{"0":{"start":{"line":6,"column":16},"end":{"line":6,"column":34}},"1":{"start":{"line":7,"column":15},"end":{"line":7,"column":32}},"2":{"start":{"line":8,"column":24},"end":{"line":8,"column":62}},"3":{"start":{"line":9,"column":26},"end":{"line":9,"column":63}},"4":{"start":{"line":10,"column":24},"end":{"line":10,"column":59}},"5":{"start":{"line":11,"column":15},"end":{"line":11,"column":41}},"6":{"start":{"line":12,"column":21},"end":{"line":12,"column":53}},"7":{"start":{"line":14,"column":15},"end":{"line":14,"column":31}},"8":{"start":{"line":17,"column":15},"end":{"line":31,"column":2}},"9":{"start":{"line":24,"column":4},"end":{"line":29,"column":5}},"10":{"start":{"line":25,"column":6},"end":{"line":25,"column":49}},"11":{"start":{"line":26,"column":6},"end":{"line":26,"column":21}},"12":{"start":{"line":28,"column":6},"end":{"line":28,"column":23}},"13":{"start":{"line":37,"column":0},"end":{"line":128,"column":3}},"14":{"start":{"line":38,"column":20},"end":{"line":38,"column":82}},"15":{"start":{"line":40,"column":2},"end":{"line":127,"column":3}},"16":{"start":{"line":41,"column":4},"end":{"line":47,"column":7}},"17":{"start":{"line":52,"column":4},"end":{"line":73,"column":5}},"18":{"start":{"line":53,"column":6},"end":{"line":53,"column":46}},"19":{"start":{"line":54,"column":6},"end":{"line":54,"column":39}},"20":{"start":{"line":57,"column":6},"end":{"line":63,"column":7}},"21":{"start":{"line":58,"column":8},"end":{"line":62,"column":10}},"22":{"start":{"line":64,"column":11},"end":{"line":73,"column":5}},"23":{"start":{"line":65,"column":6},"end":{"line":65,"column":27}},"24":{"start":{"line":66,"column":6},"end":{"line":66,"column":54}},"25":{"start":{"line":68,"column":6},"end":{"line":72,"column":8}},"26":{"start":{"line":76,"column":4},"end":{"line":76,"column":44}},"27":{"start":{"line":79,"column":24},"end":{"line":87,"column":5}},"28":{"start":{"line":89,"column":4},"end":{"line":94,"column":7}},"29":{"start":{"line":97,"column":23},"end":{"line":97,"column":68}},"30":{"start":{"line":100,"column":21},"end":{"line":108,"column":5}},"31":{"start":{"line":110,"column":4},"end":{"line":115,"column":7}},"32":{"start":{"line":117,"column":4},"end":{"line":117,"column":90}},"33":{"start":{"line":120,"column":4},"end":{"line":124,"column":7}},"34":{"start":{"line":126,"column":4},"end":{"line":126,"column":16}},"35":{"start":{"line":134,"column":0},"end":{"line":254,"column":3}},"36":{"start":{"line":135,"column":20},"end":{"line":135,"column":84}},"37":{"start":{"line":137,"column":2},"end":{"line":253,"column":3}},"38":{"start":{"line":138,"column":4},"end":{"line":142,"column":7}},"39":{"start":{"line":144,"column":4},"end":{"line":150,"column":5}},"40":{"start":{"line":145,"column":6},"end":{"line":149,"column":8}},"41":{"start":{"line":153,"column":18},"end":{"line":157,"column":7}},"42":{"start":{"line":153,"column":41},"end":{"line":157,"column":5}},"43":{"start":{"line":160,"column":4},"end":{"line":168,"column":5}},"44":{"start":{"line":161,"column":6},"end":{"line":167,"column":7}},"45":{"start":{"line":162,"column":8},"end":{"line":166,"column":10}},"46":{"start":{"line":170,"column":24},"end":{"line":176,"column":5}},"47":{"start":{"line":178,"column":4},"end":{"line":183,"column":7}},"48":{"start":{"line":181,"column":42},"end":{"line":181,"column":54}},"49":{"start":{"line":186,"column":20},"end":{"line":186,"column":22}},"50":{"start":{"line":187,"column":27},"end":{"line":187,"column":37}},"51":{"start":{"line":189,"column":4},"end":{"line":219,"column":5}},"52":{"start":{"line":190,"column":6},"end":{"line":218,"column":7}},"53":{"start":{"line":191,"column":8},"end":{"line":194,"column":11}},"54":{"start":{"line":196,"column":27},"end":{"line":199,"column":10}},"55":{"start":{"line":201,"column":8},"end":{"line":205,"column":11}},"56":{"start":{"line":208,"column":8},"end":{"line":211,"column":11}},"57":{"start":{"line":213,"column":8},"end":{"line":217,"column":11}},"58":{"start":{"line":221,"column":24},"end":{"line":237,"column":5}},"59":{"start":{"line":225,"column":45},"end":{"line":225,"column":54}},"60":{"start":{"line":226,"column":41},"end":{"line":226,"column":51}},"61":{"start":{"line":228,"column":23},"end":{"line":228,"column":32}},"62":{"start":{"line":229,"column":30},"end":{"line":229,"column":68}},"63":{"start":{"line":239,"column":4},"end":{"line":242,"column":7}},"64":{"start":{"line":244,"column":4},"end":{"line":244,"column":86}},"65":{"start":{"line":247,"column":4},"end":{"line":250,"column":7}},"66":{"start":{"line":252,"column":4},"end":{"line":252,"column":16}},"67":{"start":{"line":260,"column":0},"end":{"line":292,"column":3}},"68":{"start":{"line":261,"column":2},"end":{"line":291,"column":3}},"69":{"start":{"line":262,"column":4},"end":{"line":262,"column":59}},"70":{"start":{"line":264,"column":21},"end":{"line":284,"column":5}},"71":{"start":{"line":286,"column":4},"end":{"line":286,"column":99}},"72":{"start":{"line":289,"column":4},"end":{"line":289,"column":69}},"73":{"start":{"line":290,"column":4},"end":{"line":290,"column":16}},"74":{"start":{"line":298,"column":0},"end":{"line":325,"column":3}},"75":{"start":{"line":299,"column":2},"end":{"line":324,"column":3}},"76":{"start":{"line":300,"column":19},"end":{"line":317,"column":5}},"77":{"start":{"line":307,"column":37},"end":{"line":307,"column":67}},"78":{"start":{"line":319,"column":4},"end":{"line":319,"column":79}},"79":{"start":{"line":322,"column":4},"end":{"line":322,"column":64}},"80":{"start":{"line":323,"column":4},"end":{"line":323,"column":16}},"81":{"start":{"line":328,"column":0},"end":{"line":354,"column":3}},"82":{"start":{"line":329,"column":2},"end":{"line":350,"column":3}},"83":{"start":{"line":330,"column":4},"end":{"line":330,"column":82}},"84":{"start":{"line":332,"column":4},"end":{"line":349,"column":5}},"85":{"start":{"line":334,"column":8},"end":{"line":336,"column":10}},"86":{"start":{"line":338,"column":8},"end":{"line":340,"column":10}},"87":{"start":{"line":342,"column":8},"end":{"line":344,"column":10}},"88":{"start":{"line":346,"column":8},"end":{"line":348,"column":10}},"89":{"start":{"line":353,"column":2},"end":{"line":353,"column":14}},"90":{"start":{"line":356,"column":0},"end":{"line":356,"column":24}}},"fnMap":{"0":{"name":"(anonymous_0)","decl":{"start":{"line":23,"column":14},"end":{"line":23,"column":15}},"loc":{"start":{"line":23,"column":33},"end":{"line":30,"column":3}},"line":23},"1":{"name":"(anonymous_1)","decl":{"start":{"line":37,"column":44},"end":{"line":37,"column":45}},"loc":{"start":{"line":37,"column":70},"end":{"line":128,"column":1}},"line":37},"2":{"name":"(anonymous_2)","decl":{"start":{"line":134,"column":54},"end":{"line":134,"column":55}},"loc":{"start":{"line":134,"column":80},"end":{"line":254,"column":1}},"line":134},"3":{"name":"(anonymous_3)","decl":{"start":{"line":153,"column":32},"end":{"line":153,"column":33}},"loc":{"start":{"line":153,"column":41},"end":{"line":157,"column":5}},"line":153},"4":{"name":"(anonymous_4)","decl":{"start":{"line":181,"column":30},"end":{"line":181,"column":31}},"loc":{"start":{"line":181,"column":42},"end":{"line":181,"column":54}},"line":181},"5":{"name":"(anonymous_5)","decl":{"start":{"line":225,"column":40},"end":{"line":225,"column":41}},"loc":{"start":{"line":225,"column":45},"end":{"line":225,"column":54}},"line":225},"6":{"name":"(anonymous_6)","decl":{"start":{"line":226,"column":36},"end":{"line":226,"column":37}},"loc":{"start":{"line":226,"column":41},"end":{"line":226,"column":51}},"line":226},"7":{"name":"(anonymous_7)","decl":{"start":{"line":228,"column":18},"end":{"line":228,"column":19}},"loc":{"start":{"line":228,"column":23},"end":{"line":228,"column":32}},"line":228},"8":{"name":"(anonymous_8)","decl":{"start":{"line":229,"column":18},"end":{"line":229,"column":19}},"loc":{"start":{"line":229,"column":30},"end":{"line":229,"column":68}},"line":229},"9":{"name":"(anonymous_9)","decl":{"start":{"line":260,"column":24},"end":{"line":260,"column":25}},"loc":{"start":{"line":260,"column":50},"end":{"line":292,"column":1}},"line":260},"10":{"name":"(anonymous_10)","decl":{"start":{"line":298,"column":22},"end":{"line":298,"column":23}},"loc":{"start":{"line":298,"column":48},"end":{"line":325,"column":1}},"line":298},"11":{"name":"(anonymous_11)","decl":{"start":{"line":307,"column":18},"end":{"line":307,"column":19}},"loc":{"start":{"line":307,"column":37},"end":{"line":307,"column":67}},"line":307},"12":{"name":"(anonymous_12)","decl":{"start":{"line":328,"column":11},"end":{"line":328,"column":12}},"loc":{"start":{"line":328,"column":38},"end":{"line":354,"column":1}},"line":328}},"branchMap":{"0":{"loc":{"start":{"line":52,"column":4},"end":{"line":73,"column":5}},"type":"if","locations":[{"start":{"line":52,"column":4},"end":{"line":73,"column":5}},{"start":{"line":64,"column":11},"end":{"line":73,"column":5}}],"line":52},"1":{"loc":{"start":{"line":57,"column":6},"end":{"line":63,"column":7}},"type":"if","locations":[{"start":{"line":57,"column":6},"end":{"line":63,"column":7}},{"start":{},"end":{}}],"line":57},"2":{"loc":{"start":{"line":64,"column":11},"end":{"line":73,"column":5}},"type":"if","locations":[{"start":{"line":64,"column":11},"end":{"line":73,"column":5}},{"start":{"line":67,"column":11},"end":{"line":73,"column":5}}],"line":64},"3":{"loc":{"start":{"line":66,"column":17},"end":{"line":66,"column":53}},"type":"binary-expr","locations":[{"start":{"line":66,"column":17},"end":{"line":66,"column":34}},{"start":{"line":66,"column":38},"end":{"line":66,"column":53}}],"line":66},"4":{"loc":{"start":{"line":81,"column":16},"end":{"line":81,"column":42}},"type":"binary-expr","locations":[{"start":{"line":81,"column":16},"end":{"line":81,"column":33}},{"start":{"line":81,"column":37},"end":{"line":81,"column":42}}],"line":81},"5":{"loc":{"start":{"line":82,"column":18},"end":{"line":82,"column":82}},"type":"cond-expr","locations":[{"start":{"line":82,"column":40},"end":{"line":82,"column":70}},{"start":{"line":82,"column":73},"end":{"line":82,"column":82}}],"line":82},"6":{"loc":{"start":{"line":112,"column":28},"end":{"line":112,"column":65}},"type":"binary-expr","locations":[{"start":{"line":112,"column":28},"end":{"line":112,"column":60}},{"start":{"line":112,"column":64},"end":{"line":112,"column":65}}],"line":112},"7":{"loc":{"start":{"line":140,"column":17},"end":{"line":140,"column":39}},"type":"binary-expr","locations":[{"start":{"line":140,"column":17},"end":{"line":140,"column":34}},{"start":{"line":140,"column":38},"end":{"line":140,"column":39}}],"line":140},"8":{"loc":{"start":{"line":144,"column":4},"end":{"line":150,"column":5}},"type":"if","locations":[{"start":{"line":144,"column":4},"end":{"line":150,"column":5}},{"start":{},"end":{}}],"line":144},"9":{"loc":{"start":{"line":144,"column":8},"end":{"line":144,"column":44}},"type":"binary-expr","locations":[{"start":{"line":144,"column":8},"end":{"line":144,"column":18}},{"start":{"line":144,"column":22},"end":{"line":144,"column":44}}],"line":144},"10":{"loc":{"start":{"line":161,"column":6},"end":{"line":167,"column":7}},"type":"if","locations":[{"start":{"line":161,"column":6},"end":{"line":167,"column":7}},{"start":{},"end":{}}],"line":161},"11":{"loc":{"start":{"line":172,"column":16},"end":{"line":172,"column":42}},"type":"binary-expr","locations":[{"start":{"line":172,"column":16},"end":{"line":172,"column":33}},{"start":{"line":172,"column":37},"end":{"line":172,"column":42}}],"line":172},"12":{"loc":{"start":{"line":229,"column":37},"end":{"line":229,"column":67}},"type":"binary-expr","locations":[{"start":{"line":229,"column":37},"end":{"line":229,"column":62}},{"start":{"line":229,"column":66},"end":{"line":229,"column":67}}],"line":229},"13":{"loc":{"start":{"line":329,"column":2},"end":{"line":350,"column":3}},"type":"if","locations":[{"start":{"line":329,"column":2},"end":{"line":350,"column":3}},{"start":{},"end":{}}],"line":329},"14":{"loc":{"start":{"line":332,"column":4},"end":{"line":349,"column":5}},"type":"switch","locations":[{"start":{"line":333,"column":6},"end":{"line":336,"column":10}},{"start":{"line":337,"column":6},"end":{"line":340,"column":10}},{"start":{"line":341,"column":6},"end":{"line":344,"column":10}},{"start":{"line":345,"column":6},"end":{"line":348,"column":10}}],"line":332}},"s":{"0":0,"1":0,"2":0,"3":0,"4":0,"5":0,"6":0,"7":0,"8":0,"9":0,"10":0,"11":0,"12":0,"13":0,"14":0,"15":0,"16":0,"17":0,"18":0,"19":0,"20":0,"21":0,"22":0,"23":0,"24":0,"25":0,"26":0,"27":0,"28":0,"29":0,"30":0,"31":0,"32":0,"33":0,"34":0,"35":0,"36":0,"37":0,"38":0,"39":0,"40":0,"41":0,"42":0,"43":0,"44":0,"45":0,"46":0,"47":0,"48":0,"49":0,"50":0,"51":0,"52":0,"53":0,"54":0,"55":0,"56":0,"57":0,"58":0,"59":0,"60":0,"61":0,"62":0,"63":0,"64":0,"65":0,"66":0,"67":0,"68":0,"69":0,"70":0,"71":0,"72":0,"73":0,"74":0,"75":0,"76":0,"77":0,"78":0,"79":0,"80":0,"81":0,"82":0,"83":0,"84":0,"85":0,"86":0,"87":0,"88":0,"89":0,"90":0},"f":{"0":0,"1":0,"2":0,"3":0,"4":0,"5":0,"6":0,"7":0,"8":0,"9":0,"10":0,"11":0,"12":0},"b":{"0":[0,0],"1":[0,0],"2":[0,0],"3":[0,0],"4":[0,0],"5":[0,0],"6":[0,0],"7":[0,0],"8":[0,0],"9":[0,0],"10":[0,0],"11":[0,0],"12":[0,0],"13":[0,0],"14":[0,0,0,0]}}
,"/home/aldho/poc_aldho/assingment_project_AI/final_project/codeguardian_ai/backend/routes/test-gen.js": {"path":"/home/aldho/poc_aldho/assingment_project_AI/final_project/codeguardian_ai/backend/routes/test-gen.js","statementMap":{"0":{"start":{"line":1,"column":16},"end":{"line":1,"column":34}},"1":{"start":{"line":2,"column":15},"end":{"line":2,"column":32}},"2":{"start":{"line":3,"column":31},"end":{"line":3,"column":66}},"3":{"start":{"line":4,"column":22},"end":{"line":4,"column":58}},"4":{"start":{"line":5,"column":25},"end":{"line":5,"column":50}},"5":{"start":{"line":7,"column":15},"end":{"line":7,"column":31}},"6":{"start":{"line":8,"column":15},"end":{"line":8,"column":33}},"7":{"start":{"line":11,"column":15},"end":{"line":16,"column":2}},"8":{"start":{"line":19,"column":0},"end":{"line":72,"column":3}},"9":{"start":{"line":20,"column":2},"end":{"line":71,"column":3}},"10":{"start":{"line":21,"column":37},"end":{"line":21,"column":45}},"11":{"start":{"line":22,"column":24},"end":{"line":22,"column":48}},"12":{"start":{"line":23,"column":58},"end":{"line":23,"column":66}},"13":{"start":{"line":25,"column":4},"end":{"line":25,"column":90}},"14":{"start":{"line":28,"column":24},"end":{"line":31,"column":6}},"15":{"start":{"line":34,"column":19},"end":{"line":42,"column":6}},"16":{"start":{"line":45,"column":4},"end":{"line":56,"column":7}},"17":{"start":{"line":58,"column":4},"end":{"line":63,"column":7}},"18":{"start":{"line":66,"column":4},"end":{"line":66,"column":51}},"19":{"start":{"line":67,"column":4},"end":{"line":70,"column":7}},"20":{"start":{"line":75,"column":0},"end":{"line":100,"column":3}},"21":{"start":{"line":76,"column":2},"end":{"line":99,"column":3}},"22":{"start":{"line":77,"column":19},"end":{"line":77,"column":29}},"23":{"start":{"line":79,"column":19},"end":{"line":88,"column":6}},"24":{"start":{"line":90,"column":4},"end":{"line":92,"column":5}},"25":{"start":{"line":91,"column":6},"end":{"line":91,"column":70}},"26":{"start":{"line":94,"column":4},"end":{"line":94,"column":21}},"27":{"start":{"line":97,"column":4},"end":{"line":97,"column":51}},"28":{"start":{"line":98,"column":4},"end":{"line":98,"column":51}},"29":{"start":{"line":103,"column":0},"end":{"line":125,"column":3}},"30":{"start":{"line":104,"column":2},"end":{"line":124,"column":3}},"31":{"start":{"line":105,"column":37},"end":{"line":105,"column":45}},"32":{"start":{"line":106,"column":24},"end":{"line":106,"column":48}},"33":{"start":{"line":108,"column":4},"end":{"line":108,"column":67}},"34":{"start":{"line":110,"column":28},"end":{"line":110,"column":90}},"35":{"start":{"line":112,"column":4},"end":{"line":116,"column":7}},"36":{"start":{"line":119,"column":4},"end":{"line":119,"column":53}},"37":{"start":{"line":120,"column":4},"end":{"line":123,"column":7}},"38":{"start":{"line":128,"column":0},"end":{"line":152,"column":3}},"39":{"start":{"line":129,"column":2},"end":{"line":151,"column":3}},"40":{"start":{"line":130,"column":18},"end":{"line":133,"column":7}},"41":{"start":{"line":130,"column":41},"end":{"line":133,"column":5}},"42":{"start":{"line":135,"column":4},"end":{"line":135,"column":77}},"43":{"start":{"line":137,"column":29},"end":{"line":137,"column":80}},"44":{"start":{"line":139,"column":4},"end":{"line":143,"column":7}},"45":{"start":{"line":141,"column":28},"end":{"line":141,"column":38}},"46":{"start":{"line":146,"column":4},"end":{"line":146,"column":63}},"47":{"start":{"line":147,"column":4},"end":{"line":150,"column":7}},"48":{"start":{"line":154,"column":0},"end":{"line":154,"column":24}}},"fnMap":{"0":{"name":"(anonymous_0)","decl":{"start":{"line":19,"column":68},"end":{"line":19,"column":69}},"loc":{"start":{"line":19,"column":88},"end":{"line":72,"column":1}},"line":19},"1":{"name":"(anonymous_1)","decl":{"start":{"line":75,"column":25},"end":{"line":75,"column":26}},"loc":{"start":{"line":75,"column":45},"end":{"line":100,"column":1}},"line":75},"2":{"name":"(anonymous_2)","decl":{"start":{"line":103,"column":68},"end":{"line":103,"column":69}},"loc":{"start":{"line":103,"column":88},"end":{"line":125,"column":1}},"line":103},"3":{"name":"(anonymous_3)","decl":{"start":{"line":128,"column":54},"end":{"line":128,"column":55}},"loc":{"start":{"line":128,"column":74},"end":{"line":152,"column":1}},"line":128},"4":{"name":"(anonymous_4)","decl":{"start":{"line":130,"column":32},"end":{"line":130,"column":33}},"loc":{"start":{"line":130,"column":41},"end":{"line":133,"column":5}},"line":130},"5":{"name":"(anonymous_5)","decl":{"start":{"line":141,"column":23},"end":{"line":141,"column":24}},"loc":{"start":{"line":141,"column":28},"end":{"line":141,"column":38}},"line":141}},"branchMap":{"0":{"loc":{"start":{"line":23,"column":12},"end":{"line":23,"column":34}},"type":"default-arg","locations":[{"start":{"line":23,"column":28},"end":{"line":23,"column":34}}],"line":23},"1":{"loc":{"start":{"line":23,"column":36},"end":{"line":23,"column":53}},"type":"default-arg","locations":[{"start":{"line":23,"column":47},"end":{"line":23,"column":53}}],"line":23},"2":{"loc":{"start":{"line":51,"column":21},"end":{"line":51,"column":55}},"type":"binary-expr","locations":[{"start":{"line":51,"column":21},"end":{"line":51,"column":50}},{"start":{"line":51,"column":54},"end":{"line":51,"column":55}}],"line":51},"3":{"loc":{"start":{"line":90,"column":4},"end":{"line":92,"column":5}},"type":"if","locations":[{"start":{"line":90,"column":4},"end":{"line":92,"column":5}},{"start":{},"end":{}}],"line":90}},"s":{"0":0,"1":0,"2":0,"3":0,"4":0,"5":0,"6":0,"7":0,"8":0,"9":0,"10":0,"11":0,"12":0,"13":0,"14":0,"15":0,"16":0,"17":0,"18":0,"19":0,"20":0,"21":0,"22":0,"23":0,"24":0,"25":0,"26":0,"27":0,"28":0,"29":0,"30":0,"31":0,"32":0,"33":0,"34":0,"35":0,"36":0,"37":0,"38":0,"39":0,"40":0,"41":0,"42":0,"43":0,"44":0,"45":0,"46":0,"47":0,"48":0},"f":{"0":0,"1":0,"2":0,"3":0,"4":0,"5":0},"b":{"0":[0],"1":[0],"2":[0,0],"3":[0,0]}}
,"/home/aldho/poc_aldho/assingment_project_AI/final_project/codeguardian_ai/backend/routes/test-generation.refactored.js": {"path":"/home/aldho/poc_aldho/assingment_project_AI/final_project/codeguardian_ai/backend/routes/test-generation.refactored.js","statementMap":{"0":{"start":{"line":6,"column":16},"end":{"line":6,"column":34}},"1":{"start":{"line":7,"column":15},"end":{"line":7,"column":32}},"2":{"start":{"line":8,"column":22},"end":{"line":8,"column":69}},"3":{"start":{"line":9,"column":26},"end":{"line":9,"column":63}},"4":{"start":{"line":10,"column":24},"end":{"line":10,"column":59}},"5":{"start":{"line":11,"column":15},"end":{"line":11,"column":41}},"6":{"start":{"line":12,"column":21},"end":{"line":12,"column":53}},"7":{"start":{"line":14,"column":15},"end":{"line":14,"column":31}},"8":{"start":{"line":17,"column":15},"end":{"line":31,"column":2}},"9":{"start":{"line":24,"column":4},"end":{"line":29,"column":5}},"10":{"start":{"line":25,"column":6},"end":{"line":25,"column":49}},"11":{"start":{"line":26,"column":6},"end":{"line":26,"column":21}},"12":{"start":{"line":28,"column":6},"end":{"line":28,"column":23}},"13":{"start":{"line":37,"column":0},"end":{"line":144,"column":3}},"14":{"start":{"line":38,"column":20},"end":{"line":38,"column":87}},"15":{"start":{"line":40,"column":2},"end":{"line":143,"column":3}},"16":{"start":{"line":41,"column":4},"end":{"line":48,"column":7}},"17":{"start":{"line":53,"column":4},"end":{"line":74,"column":5}},"18":{"start":{"line":54,"column":6},"end":{"line":54,"column":46}},"19":{"start":{"line":55,"column":6},"end":{"line":55,"column":39}},"20":{"start":{"line":58,"column":6},"end":{"line":64,"column":7}},"21":{"start":{"line":59,"column":8},"end":{"line":63,"column":10}},"22":{"start":{"line":65,"column":11},"end":{"line":74,"column":5}},"23":{"start":{"line":66,"column":6},"end":{"line":66,"column":27}},"24":{"start":{"line":67,"column":6},"end":{"line":67,"column":53}},"25":{"start":{"line":69,"column":6},"end":{"line":73,"column":8}},"26":{"start":{"line":77,"column":4},"end":{"line":77,"column":44}},"27":{"start":{"line":80,"column":30},"end":{"line":92,"column":5}},"28":{"start":{"line":95,"column":23},"end":{"line":95,"column":105}},"29":{"start":{"line":96,"column":4},"end":{"line":102,"column":5}},"30":{"start":{"line":97,"column":6},"end":{"line":101,"column":8}},"31":{"start":{"line":104,"column":4},"end":{"line":109,"column":7}},"32":{"start":{"line":112,"column":29},"end":{"line":112,"column":82}},"33":{"start":{"line":115,"column":21},"end":{"line":123,"column":5}},"34":{"start":{"line":125,"column":4},"end":{"line":131,"column":7}},"35":{"start":{"line":133,"column":4},"end":{"line":133,"column":92}},"36":{"start":{"line":136,"column":4},"end":{"line":140,"column":7}},"37":{"start":{"line":142,"column":4},"end":{"line":142,"column":16}},"38":{"start":{"line":150,"column":0},"end":{"line":233,"column":3}},"39":{"start":{"line":151,"column":20},"end":{"line":151,"column":89}},"40":{"start":{"line":153,"column":2},"end":{"line":232,"column":3}},"41":{"start":{"line":154,"column":4},"end":{"line":159,"column":7}},"42":{"start":{"line":161,"column":4},"end":{"line":167,"column":5}},"43":{"start":{"line":162,"column":6},"end":{"line":166,"column":8}},"44":{"start":{"line":170,"column":18},"end":{"line":174,"column":7}},"45":{"start":{"line":170,"column":41},"end":{"line":174,"column":5}},"46":{"start":{"line":177,"column":4},"end":{"line":185,"column":5}},"47":{"start":{"line":178,"column":6},"end":{"line":184,"column":7}},"48":{"start":{"line":179,"column":8},"end":{"line":183,"column":10}},"49":{"start":{"line":187,"column":30},"end":{"line":196,"column":5}},"50":{"start":{"line":198,"column":4},"end":{"line":203,"column":7}},"51":{"start":{"line":201,"column":42},"end":{"line":201,"column":54}},"52":{"start":{"line":206,"column":24},"end":{"line":206,"column":83}},"53":{"start":{"line":209,"column":21},"end":{"line":216,"column":5}},"54":{"start":{"line":218,"column":4},"end":{"line":221,"column":7}},"55":{"start":{"line":223,"column":4},"end":{"line":223,"column":85}},"56":{"start":{"line":226,"column":4},"end":{"line":229,"column":7}},"57":{"start":{"line":231,"column":4},"end":{"line":231,"column":16}},"58":{"start":{"line":239,"column":0},"end":{"line":318,"column":3}},"59":{"start":{"line":240,"column":20},"end":{"line":240,"column":88}},"60":{"start":{"line":242,"column":2},"end":{"line":317,"column":3}},"61":{"start":{"line":243,"column":4},"end":{"line":247,"column":7}},"62":{"start":{"line":252,"column":4},"end":{"line":264,"column":5}},"63":{"start":{"line":253,"column":6},"end":{"line":253,"column":46}},"64":{"start":{"line":254,"column":6},"end":{"line":254,"column":39}},"65":{"start":{"line":255,"column":11},"end":{"line":264,"column":5}},"66":{"start":{"line":256,"column":6},"end":{"line":256,"column":27}},"67":{"start":{"line":257,"column":6},"end":{"line":257,"column":57}},"68":{"start":{"line":259,"column":6},"end":{"line":263,"column":8}},"69":{"start":{"line":266,"column":4},"end":{"line":266,"column":44}},"70":{"start":{"line":268,"column":28},"end":{"line":280,"column":5}},"71":{"start":{"line":282,"column":4},"end":{"line":287,"column":7}},"72":{"start":{"line":289,"column":27},"end":{"line":289,"column":78}},"73":{"start":{"line":291,"column":21},"end":{"line":299,"column":5}},"74":{"start":{"line":301,"column":4},"end":{"line":306,"column":7}},"75":{"start":{"line":308,"column":4},"end":{"line":308,"column":97}},"76":{"start":{"line":311,"column":4},"end":{"line":314,"column":7}},"77":{"start":{"line":316,"column":4},"end":{"line":316,"column":16}},"78":{"start":{"line":324,"column":0},"end":{"line":400,"column":3}},"79":{"start":{"line":325,"column":20},"end":{"line":325,"column":95}},"80":{"start":{"line":327,"column":2},"end":{"line":399,"column":3}},"81":{"start":{"line":328,"column":4},"end":{"line":332,"column":7}},"82":{"start":{"line":337,"column":4},"end":{"line":349,"column":5}},"83":{"start":{"line":338,"column":6},"end":{"line":338,"column":46}},"84":{"start":{"line":339,"column":6},"end":{"line":339,"column":39}},"85":{"start":{"line":340,"column":11},"end":{"line":349,"column":5}},"86":{"start":{"line":341,"column":6},"end":{"line":341,"column":27}},"87":{"start":{"line":342,"column":6},"end":{"line":342,"column":64}},"88":{"start":{"line":344,"column":6},"end":{"line":348,"column":8}},"89":{"start":{"line":351,"column":4},"end":{"line":351,"column":44}},"90":{"start":{"line":353,"column":31},"end":{"line":363,"column":5}},"91":{"start":{"line":365,"column":4},"end":{"line":370,"column":7}},"92":{"start":{"line":372,"column":30},"end":{"line":372,"column":84}},"93":{"start":{"line":374,"column":21},"end":{"line":382,"column":5}},"94":{"start":{"line":384,"column":4},"end":{"line":388,"column":7}},"95":{"start":{"line":390,"column":4},"end":{"line":390,"column":104}},"96":{"start":{"line":393,"column":4},"end":{"line":396,"column":7}},"97":{"start":{"line":398,"column":4},"end":{"line":398,"column":16}},"98":{"start":{"line":406,"column":0},"end":{"line":484,"column":3}},"99":{"start":{"line":407,"column":20},"end":{"line":407,"column":87}},"100":{"start":{"line":409,"column":2},"end":{"line":483,"column":3}},"101":{"start":{"line":410,"column":4},"end":{"line":415,"column":7}},"102":{"start":{"line":420,"column":4},"end":{"line":432,"column":5}},"103":{"start":{"line":421,"column":6},"end":{"line":421,"column":46}},"104":{"start":{"line":422,"column":6},"end":{"line":422,"column":39}},"105":{"start":{"line":423,"column":11},"end":{"line":432,"column":5}},"106":{"start":{"line":424,"column":6},"end":{"line":424,"column":27}},"107":{"start":{"line":425,"column":6},"end":{"line":425,"column":56}},"108":{"start":{"line":427,"column":6},"end":{"line":431,"column":8}},"109":{"start":{"line":434,"column":4},"end":{"line":434,"column":44}},"110":{"start":{"line":436,"column":23},"end":{"line":447,"column":5}},"111":{"start":{"line":449,"column":4},"end":{"line":454,"column":7}},"112":{"start":{"line":456,"column":22},"end":{"line":456,"column":68}},"113":{"start":{"line":458,"column":21},"end":{"line":466,"column":5}},"114":{"start":{"line":468,"column":4},"end":{"line":472,"column":7}},"115":{"start":{"line":474,"column":4},"end":{"line":474,"column":96}},"116":{"start":{"line":477,"column":4},"end":{"line":480,"column":7}},"117":{"start":{"line":482,"column":4},"end":{"line":482,"column":16}},"118":{"start":{"line":490,"column":0},"end":{"line":567,"column":3}},"119":{"start":{"line":491,"column":20},"end":{"line":491,"column":88}},"120":{"start":{"line":493,"column":2},"end":{"line":566,"column":3}},"121":{"start":{"line":494,"column":4},"end":{"line":498,"column":7}},"122":{"start":{"line":503,"column":4},"end":{"line":515,"column":5}},"123":{"start":{"line":504,"column":6},"end":{"line":504,"column":46}},"124":{"start":{"line":505,"column":6},"end":{"line":505,"column":39}},"125":{"start":{"line":506,"column":11},"end":{"line":515,"column":5}},"126":{"start":{"line":507,"column":6},"end":{"line":507,"column":27}},"127":{"start":{"line":508,"column":6},"end":{"line":508,"column":64}},"128":{"start":{"line":510,"column":6},"end":{"line":514,"column":8}},"129":{"start":{"line":517,"column":4},"end":{"line":517,"column":44}},"130":{"start":{"line":519,"column":31},"end":{"line":530,"column":5}},"131":{"start":{"line":532,"column":4},"end":{"line":537,"column":7}},"132":{"start":{"line":539,"column":30},"end":{"line":539,"column":84}},"133":{"start":{"line":541,"column":21},"end":{"line":549,"column":5}},"134":{"start":{"line":551,"column":4},"end":{"line":555,"column":7}},"135":{"start":{"line":557,"column":4},"end":{"line":557,"column":104}},"136":{"start":{"line":560,"column":4},"end":{"line":563,"column":7}},"137":{"start":{"line":565,"column":4},"end":{"line":565,"column":16}},"138":{"start":{"line":573,"column":0},"end":{"line":635,"column":3}},"139":{"start":{"line":574,"column":2},"end":{"line":634,"column":3}},"140":{"start":{"line":575,"column":4},"end":{"line":575,"column":86}},"141":{"start":{"line":577,"column":21},"end":{"line":577,"column":54}},"142":{"start":{"line":580,"column":4},"end":{"line":595,"column":5}},"143":{"start":{"line":581,"column":6},"end":{"line":581,"column":66}},"144":{"start":{"line":582,"column":6},"end":{"line":588,"column":7}},"145":{"start":{"line":583,"column":8},"end":{"line":587,"column":10}},"146":{"start":{"line":590,"column":6},"end":{"line":594,"column":8}},"147":{"start":{"line":597,"column":21},"end":{"line":627,"column":5}},"148":{"start":{"line":629,"column":4},"end":{"line":629,"column":92}},"149":{"start":{"line":632,"column":4},"end":{"line":632,"column":62}},"150":{"start":{"line":633,"column":4},"end":{"line":633,"column":16}},"151":{"start":{"line":641,"column":0},"end":{"line":697,"column":3}},"152":{"start":{"line":642,"column":2},"end":{"line":696,"column":3}},"153":{"start":{"line":643,"column":4},"end":{"line":643,"column":65}},"154":{"start":{"line":645,"column":25},"end":{"line":689,"column":5}},"155":{"start":{"line":691,"column":4},"end":{"line":691,"column":109}},"156":{"start":{"line":694,"column":4},"end":{"line":694,"column":75}},"157":{"start":{"line":695,"column":4},"end":{"line":695,"column":16}},"158":{"start":{"line":703,"column":0},"end":{"line":736,"column":3}},"159":{"start":{"line":704,"column":2},"end":{"line":735,"column":3}},"160":{"start":{"line":705,"column":19},"end":{"line":728,"column":5}},"161":{"start":{"line":730,"column":4},"end":{"line":730,"column":86}},"162":{"start":{"line":733,"column":4},"end":{"line":733,"column":71}},"163":{"start":{"line":734,"column":4},"end":{"line":734,"column":16}},"164":{"start":{"line":739,"column":0},"end":{"line":761,"column":3}},"165":{"start":{"line":740,"column":2},"end":{"line":757,"column":3}},"166":{"start":{"line":741,"column":4},"end":{"line":741,"column":101}},"167":{"start":{"line":743,"column":4},"end":{"line":756,"column":5}},"168":{"start":{"line":745,"column":8},"end":{"line":747,"column":10}},"169":{"start":{"line":749,"column":8},"end":{"line":751,"column":10}},"170":{"start":{"line":753,"column":8},"end":{"line":755,"column":10}},"171":{"start":{"line":760,"column":2},"end":{"line":760,"column":14}},"172":{"start":{"line":763,"column":0},"end":{"line":763,"column":24}}},"fnMap":{"0":{"name":"(anonymous_0)","decl":{"start":{"line":23,"column":14},"end":{"line":23,"column":15}},"loc":{"start":{"line":23,"column":33},"end":{"line":30,"column":3}},"line":23},"1":{"name":"(anonymous_1)","decl":{"start":{"line":37,"column":48},"end":{"line":37,"column":49}},"loc":{"start":{"line":37,"column":74},"end":{"line":144,"column":1}},"line":37},"2":{"name":"(anonymous_2)","decl":{"start":{"line":150,"column":58},"end":{"line":150,"column":59}},"loc":{"start":{"line":150,"column":84},"end":{"line":233,"column":1}},"line":150},"3":{"name":"(anonymous_3)","decl":{"start":{"line":170,"column":32},"end":{"line":170,"column":33}},"loc":{"start":{"line":170,"column":41},"end":{"line":174,"column":5}},"line":170},"4":{"name":"(anonymous_4)","decl":{"start":{"line":201,"column":30},"end":{"line":201,"column":31}},"loc":{"start":{"line":201,"column":42},"end":{"line":201,"column":54}},"line":201},"5":{"name":"(anonymous_5)","decl":{"start":{"line":239,"column":50},"end":{"line":239,"column":51}},"loc":{"start":{"line":239,"column":76},"end":{"line":318,"column":1}},"line":239},"6":{"name":"(anonymous_6)","decl":{"start":{"line":324,"column":57},"end":{"line":324,"column":58}},"loc":{"start":{"line":324,"column":83},"end":{"line":400,"column":1}},"line":324},"7":{"name":"(anonymous_7)","decl":{"start":{"line":406,"column":49},"end":{"line":406,"column":50}},"loc":{"start":{"line":406,"column":75},"end":{"line":484,"column":1}},"line":406},"8":{"name":"(anonymous_8)","decl":{"start":{"line":490,"column":57},"end":{"line":490,"column":58}},"loc":{"start":{"line":490,"column":83},"end":{"line":567,"column":1}},"line":490},"9":{"name":"(anonymous_9)","decl":{"start":{"line":573,"column":26},"end":{"line":573,"column":27}},"loc":{"start":{"line":573,"column":52},"end":{"line":635,"column":1}},"line":573},"10":{"name":"(anonymous_10)","decl":{"start":{"line":641,"column":28},"end":{"line":641,"column":29}},"loc":{"start":{"line":641,"column":54},"end":{"line":697,"column":1}},"line":641},"11":{"name":"(anonymous_11)","decl":{"start":{"line":703,"column":22},"end":{"line":703,"column":23}},"loc":{"start":{"line":703,"column":48},"end":{"line":736,"column":1}},"line":703},"12":{"name":"(anonymous_12)","decl":{"start":{"line":739,"column":11},"end":{"line":739,"column":12}},"loc":{"start":{"line":739,"column":38},"end":{"line":761,"column":1}},"line":739}},"branchMap":{"0":{"loc":{"start":{"line":45,"column":16},"end":{"line":45,"column":44}},"type":"binary-expr","locations":[{"start":{"line":45,"column":16},"end":{"line":45,"column":29}},{"start":{"line":45,"column":33},"end":{"line":45,"column":44}}],"line":45},"1":{"loc":{"start":{"line":53,"column":4},"end":{"line":74,"column":5}},"type":"if","locations":[{"start":{"line":53,"column":4},"end":{"line":74,"column":5}},{"start":{"line":65,"column":11},"end":{"line":74,"column":5}}],"line":53},"2":{"loc":{"start":{"line":58,"column":6},"end":{"line":64,"column":7}},"type":"if","locations":[{"start":{"line":58,"column":6},"end":{"line":64,"column":7}},{"start":{},"end":{}}],"line":58},"3":{"loc":{"start":{"line":65,"column":11},"end":{"line":74,"column":5}},"type":"if","locations":[{"start":{"line":65,"column":11},"end":{"line":74,"column":5}},{"start":{"line":68,"column":11},"end":{"line":74,"column":5}}],"line":65},"4":{"loc":{"start":{"line":67,"column":17},"end":{"line":67,"column":52}},"type":"binary-expr","locations":[{"start":{"line":67,"column":17},"end":{"line":67,"column":34}},{"start":{"line":67,"column":38},"end":{"line":67,"column":52}}],"line":67},"5":{"loc":{"start":{"line":81,"column":12},"end":{"line":81,"column":40}},"type":"binary-expr","locations":[{"start":{"line":81,"column":12},"end":{"line":81,"column":25}},{"start":{"line":81,"column":29},"end":{"line":81,"column":40}}],"line":81},"6":{"loc":{"start":{"line":85,"column":16},"end":{"line":85,"column":52}},"type":"binary-expr","locations":[{"start":{"line":85,"column":16},"end":{"line":85,"column":33}},{"start":{"line":85,"column":37},"end":{"line":85,"column":52}}],"line":85},"7":{"loc":{"start":{"line":96,"column":4},"end":{"line":102,"column":5}},"type":"if","locations":[{"start":{"line":96,"column":4},"end":{"line":102,"column":5}},{"start":{},"end":{}}],"line":96},"8":{"loc":{"start":{"line":128,"column":22},"end":{"line":128,"column":87}},"type":"binary-expr","locations":[{"start":{"line":128,"column":22},"end":{"line":128,"column":48}},{"start":{"line":128,"column":52},"end":{"line":128,"column":82}},{"start":{"line":128,"column":86},"end":{"line":128,"column":87}}],"line":128},"9":{"loc":{"start":{"line":156,"column":17},"end":{"line":156,"column":39}},"type":"binary-expr","locations":[{"start":{"line":156,"column":17},"end":{"line":156,"column":34}},{"start":{"line":156,"column":38},"end":{"line":156,"column":39}}],"line":156},"10":{"loc":{"start":{"line":157,"column":16},"end":{"line":157,"column":44}},"type":"binary-expr","locations":[{"start":{"line":157,"column":16},"end":{"line":157,"column":29}},{"start":{"line":157,"column":33},"end":{"line":157,"column":44}}],"line":157},"11":{"loc":{"start":{"line":161,"column":4},"end":{"line":167,"column":5}},"type":"if","locations":[{"start":{"line":161,"column":4},"end":{"line":167,"column":5}},{"start":{},"end":{}}],"line":161},"12":{"loc":{"start":{"line":161,"column":8},"end":{"line":161,"column":44}},"type":"binary-expr","locations":[{"start":{"line":161,"column":8},"end":{"line":161,"column":18}},{"start":{"line":161,"column":22},"end":{"line":161,"column":44}}],"line":161},"13":{"loc":{"start":{"line":178,"column":6},"end":{"line":184,"column":7}},"type":"if","locations":[{"start":{"line":178,"column":6},"end":{"line":184,"column":7}},{"start":{},"end":{}}],"line":178},"14":{"loc":{"start":{"line":188,"column":12},"end":{"line":188,"column":40}},"type":"binary-expr","locations":[{"start":{"line":188,"column":12},"end":{"line":188,"column":25}},{"start":{"line":188,"column":29},"end":{"line":188,"column":40}}],"line":188},"15":{"loc":{"start":{"line":192,"column":16},"end":{"line":192,"column":52}},"type":"binary-expr","locations":[{"start":{"line":192,"column":16},"end":{"line":192,"column":33}},{"start":{"line":192,"column":37},"end":{"line":192,"column":52}}],"line":192},"16":{"loc":{"start":{"line":252,"column":4},"end":{"line":264,"column":5}},"type":"if","locations":[{"start":{"line":252,"column":4},"end":{"line":264,"column":5}},{"start":{"line":255,"column":11},"end":{"line":264,"column":5}}],"line":252},"17":{"loc":{"start":{"line":255,"column":11},"end":{"line":264,"column":5}},"type":"if","locations":[{"start":{"line":255,"column":11},"end":{"line":264,"column":5}},{"start":{"line":258,"column":11},"end":{"line":264,"column":5}}],"line":255},"18":{"loc":{"start":{"line":257,"column":17},"end":{"line":257,"column":56}},"type":"binary-expr","locations":[{"start":{"line":257,"column":17},"end":{"line":257,"column":34}},{"start":{"line":257,"column":38},"end":{"line":257,"column":56}}],"line":257},"19":{"loc":{"start":{"line":303,"column":22},"end":{"line":303,"column":53}},"type":"binary-expr","locations":[{"start":{"line":303,"column":22},"end":{"line":303,"column":48}},{"start":{"line":303,"column":52},"end":{"line":303,"column":53}}],"line":303},"20":{"loc":{"start":{"line":337,"column":4},"end":{"line":349,"column":5}},"type":"if","locations":[{"start":{"line":337,"column":4},"end":{"line":349,"column":5}},{"start":{"line":340,"column":11},"end":{"line":349,"column":5}}],"line":337},"21":{"loc":{"start":{"line":340,"column":11},"end":{"line":349,"column":5}},"type":"if","locations":[{"start":{"line":340,"column":11},"end":{"line":349,"column":5}},{"start":{"line":343,"column":11},"end":{"line":349,"column":5}}],"line":340},"22":{"loc":{"start":{"line":342,"column":17},"end":{"line":342,"column":63}},"type":"binary-expr","locations":[{"start":{"line":342,"column":17},"end":{"line":342,"column":34}},{"start":{"line":342,"column":38},"end":{"line":342,"column":63}}],"line":342},"23":{"loc":{"start":{"line":386,"column":26},"end":{"line":386,"column":61}},"type":"binary-expr","locations":[{"start":{"line":386,"column":26},"end":{"line":386,"column":56}},{"start":{"line":386,"column":60},"end":{"line":386,"column":61}}],"line":386},"24":{"loc":{"start":{"line":387,"column":18},"end":{"line":387,"column":65}},"type":"binary-expr","locations":[{"start":{"line":387,"column":18},"end":{"line":387,"column":60}},{"start":{"line":387,"column":64},"end":{"line":387,"column":65}}],"line":387},"25":{"loc":{"start":{"line":414,"column":15},"end":{"line":414,"column":40}},"type":"binary-expr","locations":[{"start":{"line":414,"column":15},"end":{"line":414,"column":31}},{"start":{"line":414,"column":35},"end":{"line":414,"column":40}}],"line":414},"26":{"loc":{"start":{"line":420,"column":4},"end":{"line":432,"column":5}},"type":"if","locations":[{"start":{"line":420,"column":4},"end":{"line":432,"column":5}},{"start":{"line":423,"column":11},"end":{"line":432,"column":5}}],"line":420},"27":{"loc":{"start":{"line":423,"column":11},"end":{"line":432,"column":5}},"type":"if","locations":[{"start":{"line":423,"column":11},"end":{"line":432,"column":5}},{"start":{"line":426,"column":11},"end":{"line":432,"column":5}}],"line":423},"28":{"loc":{"start":{"line":425,"column":17},"end":{"line":425,"column":55}},"type":"binary-expr","locations":[{"start":{"line":425,"column":17},"end":{"line":425,"column":34}},{"start":{"line":425,"column":38},"end":{"line":425,"column":55}}],"line":425},"29":{"loc":{"start":{"line":440,"column":21},"end":{"line":440,"column":56}},"type":"binary-expr","locations":[{"start":{"line":440,"column":21},"end":{"line":440,"column":43}},{"start":{"line":440,"column":47},"end":{"line":440,"column":56}}],"line":440},"30":{"loc":{"start":{"line":441,"column":15},"end":{"line":441,"column":40}},"type":"binary-expr","locations":[{"start":{"line":441,"column":15},"end":{"line":441,"column":31}},{"start":{"line":441,"column":35},"end":{"line":441,"column":40}}],"line":441},"31":{"loc":{"start":{"line":470,"column":29},"end":{"line":470,"column":63}},"type":"binary-expr","locations":[{"start":{"line":470,"column":29},"end":{"line":470,"column":58}},{"start":{"line":470,"column":62},"end":{"line":470,"column":63}}],"line":470},"32":{"loc":{"start":{"line":503,"column":4},"end":{"line":515,"column":5}},"type":"if","locations":[{"start":{"line":503,"column":4},"end":{"line":515,"column":5}},{"start":{"line":506,"column":11},"end":{"line":515,"column":5}}],"line":503},"33":{"loc":{"start":{"line":506,"column":11},"end":{"line":515,"column":5}},"type":"if","locations":[{"start":{"line":506,"column":11},"end
[...]
,"/home/aldho/poc_aldho/assingment_project_AI/final_project/codeguardian_ai/backend/utils/responseFormatter.js": {"path":"/home/aldho/poc_aldho/assingment_project_AI/final_project/codeguardian_ai/backend/utils/responseFormatter.js","statementMap":{"0":{"start":{"line":4,"column":4},"end":{"line":9,"column":6}},"1":{"start":{"line":13,"column":4},"end":{"line":21,"column":6}},"2":{"start":{"line":25,"column":4},"end":{"line":35,"column":6}},"3":{"start":{"line":39,"column":0},"end":{"line":39,"column":35}},"4":{"start":{"line":41,"column":0},"end":{"line":41,"column":35}}},"fnMap":{"0":{"name":"(anonymous_0)","decl":{"start":{"line":3,"column":2},"end":{"line":3,"column":3}},"loc":{"start":{"line":3,"column":51},"end":{"line":10,"column":3}},"line":3},"1":{"name":"(anonymous_1)","decl":{"start":{"line":12,"column":2},"end":{"line":12,"column":3}},"loc":{"start":{"line":12,"column":52},"end":{"line":22,"column":3}},"line":12},"2":{"name":"(anonymous_2)","decl":{"start":{"line":24,"column":2},"end":{"line":24,"column":3}},"loc":{"start":{"line":24,"column":37},"end":{"line":36,"column":3}},"line":24}},"branchMap":{"0":{"loc":{"start":{"line":3,"column":17},"end":{"line":3,"column":28}},"type":"default-arg","locations":[{"start":{"line":3,"column":24},"end":{"line":3,"column":28}}],"line":3},"1":{"loc":{"start":{"line":3,"column":30},"end":{"line":3,"column":49}},"type":"default-arg","locations":[{"start":{"line":3,"column":40},"end":{"line":3,"column":49}}],"line":3},"2":{"loc":{"start":{"line":12,"column":24},"end":{"line":12,"column":34}},"type":"default-arg","locations":[{"start":{"line":12,"column":31},"end":{"line":12,"column":34}}],"line":12},"3":{"loc":{"start":{"line":12,"column":36},"end":{"line":12,"column":50}},"type":"default-arg","locations":[{"start":{"line":12,"column":46},"end":{"line":12,"column":50}}],"line":12}},"s":{"0":9,"1":2,"2":2,"3":2,"4":2},"f":{"0":9,"1":2,"2":2},"b":{"0":[0],"1":[3],"2":[1],"3":[1]},"_coverageSchema":"1a1c01bbd47fc00a2c39e90264f33305004495a9","hash":"e1d6ccd4bc35f951ca23e7883f45038e68ffbb8a"}
,"/home/aldho/poc_aldho/assingment_project_AI/final_project/codeguardian_ai/backend/utils/validationUtils.js": {"path":"/home/aldho/poc_aldho/assingment_project_AI/final_project/codeguardian_ai/backend/utils/validationUtils.js","statementMap":{"0":{"start":{"line":2,"column":35},"end":{"line":2,"column":63}},"1":{"start":{"line":3,"column":15},"end":{"line":3,"column":32}},"2":{"start":{"line":8,"column":4},"end":{"line":36,"column":6}},"3":{"start":{"line":10,"column":8},"end":{"line":12,"column":9}},"4":{"start":{"line":11,"column":10},"end":{"line":11,"column":46}},"5":{"start":{"line":14,"column":29},"end":{"line":23,"column":9}},"6":{"start":{"line":25,"column":8},"end":{"line":27,"column":9}},"7":{"start":{"line":26,"column":10},"end":{"line":26,"column":77}},"8":{"start":{"line":29,"column":24},"end":{"line":29,"column":39}},"9":{"start":{"line":30,"column":8},"end":{"line":32,"column":9}},"10":{"start":{"line":31,"column":10},"end":{"line":31,"column":71}},"11":{"start":{"line":34,"column":8},"end":{"line":34,"column":20}},"12":{"start":{"line":41,"column":19},"end":{"line":41,"column":40}},"13":{"start":{"line":42,"column":4},"end":{"line":52,"column":5}},"14":{"start":{"line":43,"column":6},"end":{"line":51,"column":9}},"15":{"start":{"line":46,"column":45},"end":{"line":50,"column":9}},"16":{"start":{"line":53,"column":4},"end":{"line":53,"column":11}},"17":{"start":{"line":59,"column":4},"end":{"line":61,"column":28}},"18":{"start":{"line":66,"column":4},"end":{"line":68,"column":5}},"19":{"start":{"line":67,"column":6},"end":{"line":67,"column":19}},"20":{"start":{"line":71,"column":4},"end":{"line":71,"column":58}},"21":{"start":{"line":76,"column":4},"end":{"line":82,"column":5}},"22":{"start":{"line":77,"column":6},"end":{"line":81,"column":8}},"23":{"start":{"line":84,"column":19},"end":{"line":84,"column":21}},"24":{"start":{"line":85,"column":21},"end":{"line":85,"column":23}},"25":{"start":{"line":88,"column":4},"end":{"line":88,"column":65}},"26":{"start":{"line":88,"column":28},"end":{"line":88,"column":65}},"27":{"start":{"line":89,"column":4},"end":{"line":89,"column":79}},"28":{"start":{"line":89,"column":39},"end":{"line":89,"column":79}},"29":{"start":{"line":90,"column":4},"end":{"line":90,"column":80}},"30":{"start":{"line":90,"column":43},"end":{"line":90,"column":80}},"31":{"start":{"line":93,"column":20},"end":{"line":93,"column":36}},"32":{"start":{"line":94,"column":17},"end":{"line":94,"column":92}},"33":{"start":{"line":95,"column":4},"end":{"line":97,"column":5}},"34":{"start":{"line":96,"column":6},"end":{"line":96,"column":56}},"35":{"start":{"line":98,"column":4},"end":{"line":100,"column":5}},"36":{"start":{"line":99,"column":6},"end":{"line":99,"column":35}},"37":{"start":{"line":103,"column":32},"end":{"line":103,"column":93}},"38":{"start":{"line":104,"column":22},"end":{"line":104,"column":130}},"39":{"start":{"line":106,"column":4},"end":{"line":108,"column":5}},"40":{"start":{"line":107,"column":6},"end":{"line":107,"column":57}},"41":{"start":{"line":111,"column":31},"end":{"line":111,"column":73}},"42":{"start":{"line":112,"column":21},"end":{"line":112,"column":44}},"43":{"start":{"line":113,"column":4},"end":{"line":115,"column":5}},"44":{"start":{"line":113,"column":43},"end":{"line":113,"column":83}},"45":{"start":{"line":114,"column":6},"end":{"line":114,"column":53}},"46":{"start":{"line":118,"column":21},"end":{"line":118,"column":51}},"47":{"start":{"line":120,"column":4},"end":{"line":130,"column":6}},"48":{"start":{"line":135,"column":4},"end":{"line":140,"column":5}},"49":{"start":{"line":136,"column":6},"end":{"line":139,"column":8}},"50":{"start":{"line":142,"column":20},"end":{"line":142,"column":22}},"51":{"start":{"line":145,"column":21},"end":{"line":152,"column":5}},"52":{"start":{"line":154,"column":4},"end":{"line":164,"column":7}},"53":{"start":{"line":155,"column":22},"end":{"line":155,"column":50}},"54":{"start":{"line":156,"column":6},"end":{"line":163,"column":7}},"55":{"start":{"line":157,"column":8},"end":{"line":162,"column":11}},"56":{"start":{"line":166,"column":4},"end":{"line":169,"column":6}},"57":{"start":{"line":174,"column":4},"end":{"line":174,"column":28}},"58":{"start":{"line":174,"column":18},"end":{"line":174,"column":28}},"59":{"start":{"line":176,"column":4},"end":{"line":186,"column":14}},"60":{"start":{"line":191,"column":19},"end":{"line":191,"column":21}},"61":{"start":{"line":193,"column":4},"end":{"line":206,"column":5}},"62":{"start":{"line":194,"column":6},"end":{"line":197,"column":7}},"63":{"start":{"line":196,"column":8},"end":{"line":196,"column":27}},"64":{"start":{"line":201,"column":6},"end":{"line":205,"column":9}},"65":{"start":{"line":208,"column":4},"end":{"line":211,"column":6}},"66":{"start":{"line":216,"column":4},"end":{"line":216,"column":36}},"67":{"start":{"line":216,"column":19},"end":{"line":216,"column":36}},"68":{"start":{"line":218,"column":22},"end":{"line":218,"column":81}},"69":{"start":{"line":219,"column":24},"end":{"line":228,"column":5}},"70":{"start":{"line":230,"column":4},"end":{"line":230,"column":47}},"71":{"start":{"line":235,"column":4},"end":{"line":235,"column":31}},"72":{"start":{"line":235,"column":18},"end":{"line":235,"column":31}},"73":{"start":{"line":236,"column":4},"end":{"line":236,"column":69}},"74":{"start":{"line":241,"column":4},"end":{"line":243,"column":5}},"75":{"start":{"line":242,"column":6},"end":{"line":242,"column":19}},"76":{"start":{"line":246,"column":4},"end":{"line":248,"column":5}},"77":{"start":{"line":247,"column":6},"end":{"line":247,"column":19}},"78":{"start":{"line":250,"column":4},"end":{"line":250,"column":16}},"79":{"start":{"line":254,"column":0},"end":{"line":254,"column":33}}},"fnMap":{"0":{"name":"(anonymous_0)","decl":{"start":{"line":7,"column":2},"end":{"line":7,"column":3}},"loc":{"start":{"line":7,"column":27},"end":{"line":37,"column":3}},"line":7},"1":{"name":"(anonymous_1)","decl":{"start":{"line":9,"column":26},"end":{"line":9,"column":27}},"loc":{"start":{"line":9,"column":46},"end":{"line":35,"column":7}},"line":9},"2":{"name":"(anonymous_2)","decl":{"start":{"line":40,"column":2},"end":{"line":40,"column":3}},"loc":{"start":{"line":40,"column":48},"end":{"line":54,"column":3}},"line":40},"3":{"name":"(anonymous_3)","decl":{"start":{"line":46,"column":35},"end":{"line":46,"column":36}},"loc":{"start":{"line":46,"column":45},"end":{"line":50,"column":9}},"line":46},"4":{"name":"(anonymous_4)","decl":{"start":{"line":57,"column":2},"end":{"line":57,"column":3}},"loc":{"start":{"line":57,"column":38},"end":{"line":62,"column":3}},"line":57},"5":{"name":"(anonymous_5)","decl":{"start":{"line":65,"column":2},"end":{"line":65,"column":3}},"loc":{"start":{"line":65,"column":32},"end":{"line":72,"column":3}},"line":65},"6":{"name":"(anonymous_6)","decl":{"start":{"line":75,"column":2},"end":{"line":75,"column":3}},"loc":{"start":{"line":75,"column":28},"end":{"line":131,"column":3}},"line":75},"7":{"name":"(anonymous_7)","decl":{"start":{"line":113,"column":32},"end":{"line":113,"column":33}},"loc":{"start":{"line":113,"column":43},"end":{"line":113,"column":83}},"line":113},"8":{"name":"(anonymous_8)","decl":{"start":{"line":134,"column":2},"end":{"line":134,"column":3}},"loc":{"start":{"line":134,"column":41},"end":{"line":170,"column":3}},"line":134},"9":{"name":"(anonymous_9)","decl":{"start":{"line":154,"column":21},"end":{"line":154,"column":22}},"loc":{"start":{"line":154,"column":32},"end":{"line":164,"column":5}},"line":154},"10":{"name":"(anonymous_10)","decl":{"start":{"line":173,"column":2},"end":{"line":173,"column":3}},"loc":{"start":{"line":173,"column":34},"end":{"line":187,"column":3}},"line":173},"11":{"name":"(anonymous_11)","decl":{"start":{"line":190,"column":2},"end":{"line":190,"column":3}},"loc":{"start":{"line":190,"column":44},"end":{"line":212,"column":3}},"line":190},"12":{"name":"(anonymous_12)","decl":{"start":{"line":215,"column":2},"end":{"line":215,"column":3}},"loc":{"start":{"line":215,"column":35},"end":{"line":231,"column":3}},"line":215},"13":{"name":"(anonymous_13)","decl":{"start":{"line":234,"column":2},"end":{"line":234,"column":3}},"loc":{"start":{"line":234,"column":36},"end":{"line":237,"column":3}},"line":234},"14":{"name":"(anonymous_14)","decl":{"start":{"line":240,"column":2},"end":{"line":240,"column":3}},"loc":{"start":{"line":240,"column":33},"end":{"line":251,"column":3}},"line":240}},"branchMap":{"0":{"loc":{"start":{"line":10,"column":8},"end":{"line":12,"column":9}},"type":"if","locations":[{"start":{"line":10,"column":8},"end":{"line":12,"column":9}},{"start":{},"end":{}}],"line":10},"1":{"loc":{"start":{"line":25,"column":8},"end":{"line":27,"column":9}},"type":"if","locations":[{"start":{"line":25,"column":8},"end":{"line":27,"column":9}},{"start":{},"end":{}}],"line":25},"2":{"loc":{"start":{"line":30,"column":8},"end":{"line":32,"column":9}},"type":"if","locations":[{"start":{"line":30,"column":8},"end":{"line":32,"column":9}},{"start":{},"end":{}}],"line":30},"3":{"loc":{"start":{"line":42,"column":4},"end":{"line":52,"column":5}},"type":"if","locations":[{"start":{"line":42,"column":4},"end":{"line":52,"column":5}},{"start":{},"end":{}}],"line":42},"4":{"loc":{"start":{"line":66,"column":4},"end":{"line":68,"column":5}},"type":"if","locations":[{"start":{"line":66,"column":4},"end":{"line":68,"column":5}},{"start":{},"end":{}}],"line":66},"5":{"loc":{"start":{"line":66,"column":8},"end":{"line":66,"column":45}},"type":"binary-expr","locations":[{"start":{"line":66,"column":8},"end":{"line":66,"column":15}},{"start":{"line":66,"column":19},"end":{"line":66,"column":45}}],"line":66},"6":{"loc":{"start":{"line":71,"column":11},"end":{"line":71,"column":57}},"type":"binary-expr","locations":[{"start":{"line":71,"column":11},"end":{"line":71,"column":35}},{"start":{"line":71,"column":39},"end":{"line":71,"column":57}}],"line":71},"7":{"loc":{"start":{"line":76,"column":4},"end":{"line":82,"column":5}},"type":"if","locations":[{"start":{"line":76,"column":4},"end":{"line":82,"column":5}},{"start":{},"end":{}}],"line":76},"8":{"loc":{"start":{"line":88,"column":4},"end":{"line":88,"column":65}},"type":"if","locations":[{"start":{"line":88,"column":4},"end":{"line":88,"column":65}},{"start":{},"end":{}}],"line":88},"9":{"loc":{"start":{"line":89,"column":4},"end":{"line":89,"column":79}},"type":"if","locations":[{"start":{"line":89,"column":4},"end":{"line":89,"column":79}},{"start":{},"end":{}}],"line":89},"10":{"loc":{"start":{"line":89,"column":8},"end":{"line":89,"column":37}},"type":"binary-expr","locations":[{"start":{"line":89,"column":8},"end":{"line":89,"column":20}},{"start":{"line":89,"column":24},"end":{"line":89,"column":37}}],"line":89},"11":{"loc":{"start":{"line":90,"column":4},"end":{"line":90,"column":80}},"type":"if","locations":[{"start":{"line":90,"column":4},"end":{"line":90,"column":80}},{"start":{},"end":{}}],"line":90},"12":{"loc":{"start":{"line":90,"column":8},"end":{"line":90,"column":41}},"type":"binary-expr","locations":[{"start":{"line":90,"column":8},"end":{"line":90,"column":22}},{"start":{"line":90,"column":26},"end":{"line":90,"column":41}}],"line":90},"13":{"loc":{"start":{"line":94,"column":17},"end":{"line":94,"column":92}},"type":"binary-expr","locations":[{"start":{"line":94,"column":17},"end":{"line":94,"column":26}},{"start":{"line":94,"column":31},"end":{"line":94,"column":91}}],"line":94},"14":{"loc":{"start":{"line":94,"column":31},"end":{"line":94,"column":91}},"type":"cond-expr","locations":[{"start":{"line":94,"column":45},"end":{"line":94,"column":63}},{"start":{"line":94,"column":66},"end":{"line":94,"column":91}}],"line":94},"15":{"loc":{"start":{"line":94,"column":66},"end":{"line":94,"column":91}},"type":"binary-expr","locations":[{"start":{"line":94,"column":66},"end":{"line":94,"column":86}},{"start":{"line":94,"column":90},"end":{"line":94,"column":91}}],"line":94},"16":{"loc":{"start":{"line":95,"column":4},"end":{"line":97,"column":5}},"type":"if","locations":[{"start":{"line":95,"column":4},"end":{"line":97,"column":5}},{"start":{},"end":{}}],"line":95},"17":{"loc":{"start":{"line":98,"column":4},"end":{"line":100,"column":5}},"type":"if","locations":[{"start":{"line":98,"column":4},"end":{"line":100,"column":5}},{"start":{},"end":{}}],"line":98},"18":{"loc":{"start":{"line":104,"column":22},"end":{"line":104,"column":130}},"type":"binary-expr","locations":[{"start":{"line":104,"column":22},"end":{"line":104,"column":36}},{"start":{"line":104,"column":41},"end":{"line":104,"column":129}}],"line":104},"19":{"loc":{"start":{"line":104,"column":41},"end":{"line":104,"column":129}},"type":"cond-expr","locations":[{"start":{"line":104,"column":61},"end":{"line":104,"column":124}},{"start":{"line":104,"column":127},"end":{"line":104,"column":129}}],"line":104},"20":{"loc":{"start":{"line":106,"column":4},"end":{"line":108,"column":5}},"type":"if","locations":[{"start":{"line":106,"column":4},"end":{"line":108,"column":5}},{"start":{},"end":{}}],"line":106},"21":{"loc":{"start":{"line":106,"column":8},"end":{"line":106,"column":75}},"type":"binary-expr","locations":[{"start":{"line":106,"column":8},"end":{"line":106,"column":17}},{"start":{"line":106,"column":21},"end":{"line":106,"column":75}}],"line":106},"22":{"loc":{"start":{"line":112,"column":21},"end":{"line":112,"column":44}},"type":"binary-expr","locations":[{"start":{"line":112,"column":21},"end":{"line":112,"column":38}},{"start":{"line":112,"column":42},"end":{"line":112,"column":44}}],"line":112},"23":{"loc":{"start":{"line":113,"column":4},"end":{"line":115,"column":5}},"type":"if","locations":[{"start":{"line":113,"column":4},"end":{"line":115,"column":5}},{"start":{},"end":{}}],"line":113},"24":{"loc":{"start":{"line":135,"column":4},"end":{"line":140,"column":5}},"type":"if","locations":[{"start":{"line":135,"column":4},"end":{"line":140,"column":5}},{"start":{},"end":{}}],"line":135},"25":{"loc":{"start":{"line":156,"column":6},"end":{"line":163,"column":7}},"type":"if","locations":[{"start":{"line":156,"column":6},"end":{"line":163,"column":7}},{"start":{},"end":{}}],"line":156},"26":{"loc":{"start":{"line":174,"column":4},"end":{"line":174,"column":28}},"type":"if","locations":[{"start":{"line":174,"column":4},"end":{"line":174,"column":28}},{"start":{},"end":{}}],"line":174},"27":{"loc":{"start":{"line":194,"column":6},"end":{"line":197,"column":7}},"type":"if","locations":[{"start":{"line":194,"column":6},"end":{"line":197,"column":7}},{"start":{},"end":{}}],"line":194},"28":{"loc":{"start":{"line":194,"column":10},"end":{"line":194,"column":64}},"type":"binary-expr","locations":[{"start":{"line":194,"column":10},"end":{"line":194,"column":35}},{"start":{"line":194,"column":39},"end":{"line":194,"column":64}}],"line":194},"29":{"loc":{"start":{"line":216,"column":4},"end":{"line":216,"column":36}},"type":"if","locations":[{"start":{"line":216,"column":4},"end":{"line":216,"column":36}},{"start":{},"end":{}}],"line":216},"30":{"loc":{"start":{"line":230,"column":11},"end":{"line":230,"column":46}},"type":"binary-expr","locations":[{"start":{"line":230,"column":11},"end":{"line":230,"column":33}},{"start":{"line":230,"column":37},"end":{"line":230,"column":46}}],"line":230},"31":{"loc":{"start":{"line":235,"column":4},"end":{"line":235,"column":31}},"type":"if","locations":[{"start":{"line":235,"column":4},"end":{"line":235,"column":31}},{"start":{},"end":{}}],"line":235},"32":{"loc":{"start":{"line":241,"column":4},"end":{"line":243,"column":5}},"type":"if","locations":[{"start":{"line":241,"column":4},"end":{"line":243,"column":5}},{"start":{},"end":{}}],"line":241},"33":{"loc":{"start":{"line":241,"column":8},"end":{"line":241,"column":41}},"type":"binary-expr","locations":[{"start":{"line":241,"column":8},"end":{"line":241,"column":13}},{"start":{"line":241,"column":17},"end":{"line":241,"column":41}}],"line":241},"34":{"loc":{"start":{"line":246,"column":4},"end":{"line":248,"column":5}},"type":"if","locations":[{"start":{"line":246,"column":4},"end":{"line":248,"column":5}},{"start":{},"end":{}}],"line":246}},"s":{"0":2,"1":2,"2":1,"3":0,"4":0,"5":0,"6":0,"7":0,"8":0,"9":0,"10":0,"11":0,"12":0,"13":0,"14":0,"15":0,"16":0,"17":4,"18":12,"19":9,"20":3,"21":0,"22":0,"23":0,"24":0,"25":0,"26":0,"27":0,"28":0,"29":0,"30":0,"31":0,"32":0,"33":0,"34":0,"35":0,"36":0,"37":0,"38":0,"39":0,"40":0,"41":0,"42":0,"43":0,"44":0,"45":0,"46":0,"47":0,"48":0,"49":0,"50":0,"51":0,"52":0,"53":0,"54":0,"55":0,"56":0,"57":0,"58":0,"59":0,"60":0,"61":0,"62":0,"63":0,"64":0,"65":0,"66":0,"67":0,"68":0,"69":0,"70":0,"71":0,"72":0,"73":0,"74":5,"75":0,"76":5,"77":0,"78":5,"79":2},"f":{"0":1,"1":0,"2":0,"3":0,"4":4,"5":12,"6":0,"7":0,"8":0,"9":0,"10":0,"11":0,"12":0,"13":0,"14":5},"b":{"0":[0,0],"1":[0,0],"2":[0,0],"3":[0,0],"4":[9,3],"5":[12,7],"6":[3,2],"7":[0,0],"8":[0,0],"9":[0,0],"10":[0,0],"11":[0,0],"12":[0,0],"13":[0,0],"14":[0,0],"15":[0,0],"16":[0,0],"17":[0,0],"18":[0,0],"19":[0,0],"20":[0,0],"21":[0,0],"22":[0,0],"23":[0,0],"24":[0,0],"25":[0,0],"26":[0,0],"27":[0,0],"28":[0,0],"29":[0,0],"30":[0,0],"31":[0,0],"32":[0,5],"33":[5,5],"34":[0,5]},"_coverageSchema":"1a1c01bbd47fc00a2c39e90264f33305004495a9","hash":"2fec0d03c43e986d1ec09ff5d549cf3a7511c3e0"}
}
