TN:
SF:routes/ai-review.js
FN:19,(anonymous_0)
FN:70,(anonymous_1)
FN:98,(anonymous_2)
FNF:3
FNH:0
FNDA:0,(anonymous_0)
FNDA:0,(anonymous_1)
FNDA:0,(anonymous_2)
DA:1,0
DA:2,0
DA:3,0
DA:4,0
DA:5,0
DA:7,0
DA:8,0
DA:11,0
DA:19,0
DA:20,0
DA:21,0
DA:22,0
DA:24,0
DA:27,0
DA:30,0
DA:41,0
DA:53,0
DA:61,0
DA:62,0
DA:70,0
DA:71,0
DA:72,0
DA:74,0
DA:85,0
DA:86,0
DA:89,0
DA:92,0
DA:93,0
DA:98,0
DA:99,0
DA:100,0
DA:101,0
DA:102,0
DA:104,0
DA:106,0
DA:108,0
DA:115,0
DA:116,0
DA:123,0
LF:39
LH:0
BRDA:46,0,0,0
BRDA:46,0,1,0
BRDA:85,1,0,0
BRDA:85,1,1,0
BRDA:104,2,0,0
BRDA:104,2,1,0
BRF:6
BRH:0
end_of_record
TN:
SF:routes/ai-review.refactored.js
FN:23,(anonymous_0)
FN:37,(anonymous_1)
FN:84,(anonymous_2)
FN:148,(anonymous_3)
FN:168,(anonymous_4)
FN:189,(anonymous_5)
FN:196,(anonymous_6)
FN:234,(anonymous_7)
FN:267,(anonymous_8)
FN:313,(anonymous_9)
FN:393,(anonymous_10)
FN:473,(anonymous_11)
FN:540,(anonymous_12)
FN:575,(anonymous_13)
FNF:14
FNH:0
FNDA:0,(anonymous_0)
FNDA:0,(anonymous_1)
FNDA:0,(anonymous_2)
FNDA:0,(anonymous_3)
FNDA:0,(anonymous_4)
FNDA:0,(anonymous_5)
FNDA:0,(anonymous_6)
FNDA:0,(anonymous_7)
FNDA:0,(anonymous_8)
FNDA:0,(anonymous_9)
FNDA:0,(anonymous_10)
FNDA:0,(anonymous_11)
FNDA:0,(anonymous_12)
FNDA:0,(anonymous_13)
DA:6,0
DA:7,0
DA:8,0
DA:9,0
DA:10,0
DA:11,0
DA:12,0
DA:14,0
DA:17,0
DA:24,0
DA:25,0
DA:26,0
DA:28,0
DA:37,0
DA:38,0
DA:40,0
DA:41,0
DA:53,0
DA:54,0
DA:55,0
DA:58,0
DA:59,0
DA:65,0
DA:66,0
DA:67,0
DA:69,0
DA:77,0
DA:80,0
DA:84,0
DA:93,0
DA:94,0
DA:95,0
DA:102,0
DA:110,0
DA:113,0
DA:123,0
DA:131,0
DA:134,0
DA:140,0
DA:148,0
DA:149,0
DA:151,0
DA:152,0
DA:159,0
DA:160,0
DA:168,0
DA:175,0
DA:176,0
DA:177,0
DA:185,0
DA:189,0
DA:193,0
DA:196,0
DA:201,0
DA:204,0
DA:213,0
DA:218,0
DA:221,0
DA:226,0
DA:234,0
DA:235,0
DA:237,0
DA:238,0
DA:247,0
DA:248,0
DA:249,0
DA:250,0
DA:251,0
DA:252,0
DA:254,0
DA:261,0
DA:263,0
DA:267,0
DA:272,0
DA:279,0
DA:281,0
DA:291,0
DA:297,0
DA:300,0
DA:305,0
DA:313,0
DA:314,0
DA:316,0
DA:317,0
DA:326,0
DA:327,0
DA:328,0
DA:329,0
DA:330,0
DA:331,0
DA:333,0
DA:340,0
DA:342,0
DA:351,0
DA:358,0
DA:360,0
DA:370,0
DA:377,0
DA:380,0
DA:385,0
DA:393,0
DA:394,0
DA:396,0
DA:397,0
DA:406,0
DA:407,0
DA:408,0
DA:409,0
DA:410,0
DA:411,0
DA:413,0
DA:420,0
DA:422,0
DA:431,0
DA:438,0
DA:440,0
DA:450,0
DA:457,0
DA:460,0
DA:465,0
DA:473,0
DA:474,0
DA:475,0
DA:477,0
DA:528,0
DA:531,0
DA:532,0
DA:540,0
DA:541,0
DA:542,0
DA:566,0
DA:569,0
DA:570,0
DA:575,0
DA:576,0
DA:577,0
DA:579,0
DA:581,0
DA:585,0
DA:589,0
DA:596,0
DA:599,0
LF:142
LH:0
BRDA:45,0,0,0
BRDA:45,0,1,0
BRDA:53,1,0,0
BRDA:53,1,1,0
BRDA:58,2,0,0
BRDA:58,2,1,0
BRDA:65,3,0,0
BRDA:65,3,1,0
BRDA:67,4,0,0
BRDA:67,4,1,0
BRDA:81,5,0,0
BRDA:81,5,1,0
BRDA:84,6,0,0
BRDA:84,6,1,0
BRDA:94,7,0,0
BRDA:94,7,1,0
BRDA:126,8,0,0
BRDA:126,8,1,0
BRDA:154,9,0,0
BRDA:154,9,1,0
BRDA:155,10,0,0
BRDA:155,10,1,0
BRDA:159,11,0,0
BRDA:159,11,1,0
BRDA:159,12,0,0
BRDA:159,12,1,0
BRDA:176,13,0,0
BRDA:176,13,1,0
BRDA:186,14,0,0
BRDA:186,14,1,0
BRDA:189,15,0,0
BRDA:189,15,1,0
BRDA:247,16,0,0
BRDA:247,16,1,0
BRDA:250,17,0,0
BRDA:250,17,1,0
BRDA:252,18,0,0
BRDA:252,18,1,0
BRDA:267,19,0,0
BRDA:267,19,1,0
BRDA:293,20,0,0
BRDA:293,20,1,0
BRDA:326,21,0,0
BRDA:326,21,1,0
BRDA:329,22,0,0
BRDA:329,22,1,0
BRDA:331,23,0,0
BRDA:331,23,1,0
BRDA:372,24,0,0
BRDA:372,24,1,0
BRDA:406,25,0,0
BRDA:406,25,1,0
BRDA:409,26,0,0
BRDA:409,26,1,0
BRDA:411,27,0,0
BRDA:411,27,1,0
BRDA:452,28,0,0
BRDA:452,28,1,0
BRDA:550,29,0,0
BRDA:550,29,1,0
BRDA:576,30,0,0
BRDA:576,30,1,0
BRDA:579,31,0,0
BRDA:579,31,1,0
BRDA:579,31,2,0
BRF:65
BRH:0
end_of_record
TN:
SF:routes/auth.js
FN:11,(anonymous_0)
FN:62,(anonymous_1)
FN:106,(anonymous_2)
FNF:3
FNH:0
FNDA:0,(anonymous_0)
FNDA:0,(anonymous_1)
FNDA:0,(anonymous_2)
DA:1,0
DA:2,0
DA:3,0
DA:4,0
DA:5,0
DA:7,0
DA:8,0
DA:11,0
DA:12,0
DA:13,0
DA:16,0
DA:20,0
DA:21,0
DA:25,0
DA:28,0
DA:43,0
DA:49,0
DA:56,0
DA:57,0
DA:62,0
DA:63,0
DA:64,0
DA:67,0
DA:71,0
DA:72,0
DA:76,0
DA:78,0
DA:79,0
DA:83,0
DA:89,0
DA:100,0
DA:101,0
DA:106,0
DA:107,0
DA:108,0
DA:110,0
DA:111,0
DA:114,0
DA:116,0
DA:126,0
DA:127,0
DA:130,0
DA:133,0
DA:134,0
DA:138,0
LF:45
LH:0
BRDA:20,0,0,0
BRDA:20,0,1,0
BRDA:71,1,0,0
BRDA:71,1,1,0
BRDA:71,2,0,0
BRDA:71,2,1,0
BRDA:78,3,0,0
BRDA:78,3,1,0
BRDA:110,4,0,0
BRDA:110,4,1,0
BRDA:126,5,0,0
BRDA:126,5,1,0
BRF:12
BRH:0
end_of_record
TN:
SF:routes/security.js
FN:16,(anonymous_0)
FN:30,(anonymous_1)
FN:86,(anonymous_2)
FN:116,(anonymous_3)
FNF:4
FNH:0
FNDA:0,(anonymous_0)
FNDA:0,(anonymous_1)
FNDA:0,(anonymous_2)
FNDA:0,(anonymous_3)
DA:1,0
DA:2,0
DA:3,0
DA:4,0
DA:5,0
DA:7,0
DA:8,0
DA:11,0
DA:18,0
DA:19,0
DA:21,0
DA:22,0
DA:24,0
DA:30,0
DA:31,0
DA:32,0
DA:33,0
DA:35,0
DA:38,0
DA:41,0
DA:53,0
DA:66,0
DA:77,0
DA:78,0
DA:86,0
DA:87,0
DA:88,0
DA:90,0
DA:103,0
DA:104,0
DA:107,0
DA:110,0
DA:111,0
DA:116,0
DA:117,0
DA:118,0
DA:119,0
DA:121,0
DA:123,0
DA:138,0
DA:140,0
DA:151,0
DA:152,0
DA:156,0
LF:44
LH:0
BRDA:21,0,0,0
BRDA:21,0,1,0
BRDA:103,1,0,0
BRDA:103,1,1,0
BRDA:118,2,0,0
BRDA:118,3,0,0
BRDA:121,4,0,0
BRDA:121,4,1,0
BRF:8
BRH:0
end_of_record
TN:
SF:routes/security.refactored.js
FN:23,(anonymous_0)
FN:37,(anonymous_1)
FN:134,(anonymous_2)
FN:153,(anonymous_3)
FN:181,(anonymous_4)
FN:225,(anonymous_5)
FN:226,(anonymous_6)
FN:228,(anonymous_7)
FN:229,(anonymous_8)
FN:260,(anonymous_9)
FN:298,(anonymous_10)
FN:307,(anonymous_11)
FN:328,(anonymous_12)
FNF:13
FNH:0
FNDA:0,(anonymous_0)
FNDA:0,(anonymous_1)
FNDA:0,(anonymous_2)
FNDA:0,(anonymous_3)
FNDA:0,(anonymous_4)
FNDA:0,(anonymous_5)
FNDA:0,(anonymous_6)
FNDA:0,(anonymous_7)
FNDA:0,(anonymous_8)
FNDA:0,(anonymous_9)
FNDA:0,(anonymous_10)
FNDA:0,(anonymous_11)
FNDA:0,(anonymous_12)
DA:6,0
DA:7,0
DA:8,0
DA:9,0
DA:10,0
DA:11,0
DA:12,0
DA:14,0
DA:17,0
DA:24,0
DA:25,0
DA:26,0
DA:28,0
DA:37,0
DA:38,0
DA:40,0
DA:41,0
DA:52,0
DA:53,0
DA:54,0
DA:57,0
DA:58,0
DA:64,0
DA:65,0
DA:66,0
DA:68,0
DA:76,0
DA:79,0
DA:89,0
DA:97,0
DA:100,0
DA:110,0
DA:117,0
DA:120,0
DA:126,0
DA:134,0
DA:135,0
DA:137,0
DA:138,0
DA:144,0
DA:145,0
DA:153,0
DA:160,0
DA:161,0
DA:162,0
DA:170,0
DA:178,0
DA:181,0
DA:186,0
DA:187,0
DA:189,0
DA:190,0
DA:191,0
DA:196,0
DA:201,0
DA:208,0
DA:213,0
DA:221,0
DA:225,0
DA:226,0
DA:228,0
DA:229,0
DA:239,0
DA:244,0
DA:247,0
DA:252,0
DA:260,0
DA:261,0
DA:262,0
DA:264,0
DA:286,0
DA:289,0
DA:290,0
DA:298,0
DA:299,0
DA:300,0
DA:307,0
DA:319,0
DA:322,0
DA:323,0
DA:328,0
DA:329,0
DA:330,0
DA:332,0
DA:334,0
DA:338,0
DA:342,0
DA:346,0
DA:353,0
DA:356,0
LF:90
LH:0
BRDA:52,0,0,0
BRDA:52,0,1,0
BRDA:57,1,0,0
BRDA:57,1,1,0
BRDA:64,2,0,0
BRDA:64,2,1,0
BRDA:66,3,0,0
BRDA:66,3,1,0
BRDA:81,4,0,0
BRDA:81,4,1,0
BRDA:82,5,0,0
BRDA:82,5,1,0
BRDA:112,6,0,0
BRDA:112,6,1,0
BRDA:140,7,0,0
BRDA:140,7,1,0
BRDA:144,8,0,0
BRDA:144,8,1,0
BRDA:144,9,0,0
BRDA:144,9,1,0
BRDA:161,10,0,0
BRDA:161,10,1,0
BRDA:172,11,0,0
BRDA:172,11,1,0
BRDA:229,12,0,0
BRDA:229,12,1,0
BRDA:329,13,0,0
BRDA:329,13,1,0
BRDA:332,14,0,0
BRDA:332,14,1,0
BRDA:332,14,2,0
BRDA:332,14,3,0
BRF:32
BRH:0
end_of_record
TN:
SF:routes/test-gen.js
FN:19,(anonymous_0)
FN:75,(anonymous_1)
FN:103,(anonymous_2)
FN:128,(anonymous_3)
FN:130,(anonymous_4)
FN:141,(anonymous_5)
FNF:6
FNH:0
FNDA:0,(anonymous_0)
FNDA:0,(anonymous_1)
FNDA:0,(anonymous_2)
FNDA:0,(anonymous_3)
FNDA:0,(anonymous_4)
FNDA:0,(anonymous_5)
DA:1,0
DA:2,0
DA:3,0
DA:4,0
DA:5,0
DA:7,0
DA:8,0
DA:11,0
DA:19,0
DA:20,0
DA:21,0
DA:22,0
DA:23,0
DA:25,0
DA:28,0
DA:34,0
DA:45,0
DA:58,0
DA:66,0
DA:67,0
DA:75,0
DA:76,0
DA:77,0
DA:79,0
DA:90,0
DA:91,0
DA:94,0
DA:97,0
DA:98,0
DA:103,0
DA:104,0
DA:105,0
DA:106,0
DA:108,0
DA:110,0
DA:112,0
DA:119,0
DA:120,0
DA:128,0
DA:129,0
DA:130,0
DA:135,0
DA:137,0
DA:139,0
DA:141,0
DA:146,0
DA:147,0
DA:154,0
LF:48
LH:0
BRDA:23,0,0,0
BRDA:23,1,0,0
BRDA:51,2,0,0
BRDA:51,2,1,0
BRDA:90,3,0,0
BRDA:90,3,1,0
BRF:6
BRH:0
end_of_record
TN:
SF:routes/test-generation.refactored.js
FN:23,(anonymous_0)
FN:37,(anonymous_1)
FN:150,(anonymous_2)
FN:170,(anonymous_3)
FN:201,(anonymous_4)
FN:239,(anonymous_5)
FN:324,(anonymous_6)
FN:406,(anonymous_7)
FN:490,(anonymous_8)
FN:573,(anonymous_9)
FN:641,(anonymous_10)
FN:703,(anonymous_11)
FN:739,(anonymous_12)
FNF:13
FNH:0
FNDA:0,(anonymous_0)
FNDA:0,(anonymous_1)
FNDA:0,(anonymous_2)
FNDA:0,(anonymous_3)
FNDA:0,(anonymous_4)
FNDA:0,(anonymous_5)
FNDA:0,(anonymous_6)
FNDA:0,(anonymous_7)
FNDA:0,(anonymous_8)
FNDA:0,(anonymous_9)
FNDA:0,(anonymous_10)
FNDA:0,(anonymous_11)
FNDA:0,(anonymous_12)
DA:6,0
DA:7,0
DA:8,0
DA:9,0
DA:10,0
DA:11,0
DA:12,0
DA:14,0
DA:17,0
DA:24,0
DA:25,0
DA:26,0
DA:28,0
DA:37,0
DA:38,0
DA:40,0
DA:41,0
DA:53,0
DA:54,0
DA:55,0
DA:58,0
DA:59,0
DA:65,0
DA:66,0
DA:67,0
DA:69,0
DA:77,0
DA:80,0
DA:95,0
DA:96,0
DA:97,0
DA:104,0
DA:112,0
DA:115,0
DA:125,0
DA:133,0
DA:136,0
DA:142,0
DA:150,0
DA:151,0
DA:153,0
DA:154,0
DA:161,0
DA:162,0
DA:170,0
DA:177,0
DA:178,0
DA:179,0
DA:187,0
DA:198,0
DA:201,0
DA:206,0
DA:209,0
DA:218,0
DA:223,0
DA:226,0
DA:231,0
DA:239,0
DA:240,0
DA:242,0
DA:243,0
DA:252,0
DA:253,0
DA:254,0
DA:255,0
DA:256,0
DA:257,0
DA:259,0
DA:266,0
DA:268,0
DA:282,0
DA:289,0
DA:291,0
DA:301,0
DA:308,0
DA:311,0
DA:316,0
DA:324,0
DA:325,0
DA:327,0
DA:328,0
DA:337,0
DA:338,0
DA:339,0
DA:340,0
DA:341,0
DA:342,0
DA:344,0
DA:351,0
DA:353,0
DA:365,0
DA:372,0
DA:374,0
DA:384,0
DA:390,0
DA:393,0
DA:398,0
DA:406,0
DA:407,0
DA:409,0
DA:410,0
DA:420,0
DA:421,0
DA:422,0
DA:423,0
DA:424,0
DA:425,0
DA:427,0
DA:434,0
DA:436,0
DA:449,0
DA:456,0
DA:458,0
DA:468,0
DA:474,0
DA:477,0
DA:482,0
DA:490,0
DA:491,0
DA:493,0
DA:494,0
DA:503,0
DA:504,0
DA:505,0
DA:506,0
DA:507,0
DA:508,0
DA:510,0
DA:517,0
DA:519,0
DA:532,0
DA:539,0
DA:541,0
DA:551,0
DA:557,0
DA:560,0
DA:565,0
DA:573,0
DA:574,0
DA:575,0
DA:577,0
DA:580,0
DA:581,0
DA:582,0
DA:583,0
DA:590,0
DA:597,0
DA:629,0
DA:632,0
DA:633,0
DA:641,0
DA:642,0
DA:643,0
DA:645,0
DA:691,0
DA:694,0
DA:695,0
DA:703,0
DA:704,0
DA:705,0
DA:730,0
DA:733,0
DA:734,0
DA:739,0
DA:740,0
DA:741,0
DA:743,0
DA:745,0
DA:749,0
DA:753,0
DA:760,0
DA:763,0
LF:172
LH:0
BRDA:45,0,0,0
BRDA:45,0,1,0
BRDA:53,1,0,0
BRDA:53,1,1,0
BRDA:58,2,0,0
BRDA:58,2,1,0
BRDA:65,3,0,0
BRDA:65,3,1,0
BRDA:67,4,0,0
BRDA:67,4,1,0
BRDA:81,5,0,0
BRDA:81,5,1,0
BRDA:85,6,0,0
BRDA:85,6,1,0
BRDA:96,7,0,0
BRDA:96,7,1,0
BRDA:128,8,0,0
BRDA:128,8,1,0
BRDA:128,8,2,0
BRDA:156,9,0,0
BRDA:156,9,1,0
BRDA:157,10,0,0
BRDA:157,10,1,0
BRDA:161,11,0,0
BRDA:161,11,1,0
BRDA:161,12,0,0
BRDA:161,12,1,0
BRDA:178,13,0,0
BRDA:178,13,1,0
BRDA:188,14,0,0
BRDA:188,14,1,0
BRDA:192,15,0,0
BRDA:192,15,1,0
BRDA:252,16,0,0
BRDA:252,16,1,0
BRDA:255,17,0,0
BRDA:255,17,1,0
BRDA:257,18,0,0
BRDA:257,18,1,0
BRDA:303,19,0,0
BRDA:303,19,1,0
BRDA:337,20,0,0
BRDA:337,20,1,0
BRDA:340,21,0,0
BRDA:340,21,1,0
BRDA:342,22,0,0
BRDA:342,22,1,0
BRDA:386,23,0,0
BRDA:386,23,1,0
BRDA:387,24,0,0
BRDA:387,24,1,0
BRDA:414,25,0,0
BRDA:414,25,1,0
BRDA:420,26,0,0
BRDA:420,26,1,0
BRDA:423,27,0,0
BRDA:423,27,1,0
BRDA:425,28,0,0
BRDA:425,28,1,0
BRDA:440,29,0,0
BRDA:440,29,1,0
BRDA:441,30,0,0
BRDA:441,30,1,0
BRDA:470,31,0,0
BRDA:470,31,1,0
BRDA:503,32,0,0
BRDA:503,32,1,0
BRDA:506,33,0,0
BRDA:506,33,1,0
BRDA:508,34,0,0
BRDA:508,34,1,0
BRDA:523,35,0,0
BRDA:523,35,1,0
BRDA:553,36,0,0
BRDA:553,36,1,0
BRDA:580,37,0,0
BRDA:580,37,1,0
BRDA:582,38,0,0
BRDA:582,38,1,0
BRDA:713,39,0,0
BRDA:713,39,1,0
BRDA:740,40,0,0
BRDA:740,40,1,0
BRDA:743,41,0,0
BRDA:743,41,1,0
BRDA:743,41,2,0
BRF:86
BRH:0
end_of_record
TN:
SF:services/aiReviewer.js
FN:13,(anonymous_0)
FN:37,(anonymous_1)
FN:57,(anonymous_2)
FN:333,(anonymous_3)
FN:394,(anonymous_4)
FN:411,(anonymous_5)
FN:441,(anonymous_6)
FN:478,(anonymous_7)
FN:497,(anonymous_8)
FN:517,(anonymous_9)
FN:520,(anonymous_10)
FN:540,(anonymous_11)
FN:542,(anonymous_12)
FN:552,(anonymous_13)
FN:558,(anonymous_14)
FN:559,(anonymous_15)
FN:572,(anonymous_16)
FN:573,(anonymous_17)
FN:588,(anonymous_18)
FN:590,(anonymous_19)
FN:591,(anonymous_20)
FN:603,(anonymous_21)
FN:611,(anonymous_22)
FN:612,(anonymous_23)
FN:618,(anonymous_24)
FN:651,(anonymous_25)
FN:652,(anonymous_26)
FNF:27
FNH:3
FNDA:2,(anonymous_0)
FNDA:2,(anonymous_1)
FNDA:2,(anonymous_2)
FNDA:0,(anonymous_3)
FNDA:0,(anonymous_4)
FNDA:0,(anonymous_5)
FNDA:0,(anonymous_6)
FNDA:0,(anonymous_7)
FNDA:0,(anonymous_8)
FNDA:0,(anonymous_9)
FNDA:0,(anonymous_10)
FNDA:0,(anonymous_11)
FNDA:0,(anonymous_12)
FNDA:0,(anonymous_13)
FNDA:0,(anonymous_14)
FNDA:0,(anonymous_15)
FNDA:0,(anonymous_16)
FNDA:0,(anonymous_17)
FNDA:0,(anonymous_18)
FNDA:0,(anonymous_19)
FNDA:0,(anonymous_20)
FNDA:0,(anonymous_21)
FNDA:0,(anonymous_22)
FNDA:0,(anonymous_23)
FNDA:0,(anonymous_24)
FNDA:0,(anonymous_25)
FNDA:0,(anonymous_26)
DA:6,2
DA:7,2
DA:8,2
DA:9,2
DA:10,2
DA:14,2
DA:15,2
DA:16,2
DA:19,2
DA:22,2
DA:25,2
DA:38,2
DA:39,2
DA:40,0
DA:43,2
DA:47,2
DA:49,0
DA:50,0
DA:58,2
DA:334,0
DA:335,0
DA:337,0
DA:338,0
DA:345,0
DA:348,0
DA:351,0
DA:354,0
DA:357,0
DA:368,0
DA:374,0
DA:377,0
DA:379,0
DA:380,0
DA:383,0
DA:395,0
DA:396,0
DA:399,0
DA:400,0
DA:403,0
DA:404,0
DA:412,0
DA:415,0
DA:416,0
DA:417,0
DA:419,0
DA:420,0
DA:422,0
DA:423,0
DA:426,0
DA:444,0
DA:445,0
DA:446,0
DA:448,0
DA:456,0
DA:457,0
DA:460,0
DA:463,0
DA:464,0
DA:466,0
DA:467,0
DA:472,0
DA:479,0
DA:480,0
DA:483,0
DA:486,0
DA:489,0
DA:490,0
DA:498,0
DA:505,0
DA:507,0
DA:508,0
DA:509,0
DA:519,0
DA:520,0
DA:527,0
DA:528,0
DA:532,0
DA:534,0
DA:541,0
DA:542,0
DA:543,0
DA:546,0
DA:553,0
DA:556,0
DA:557,0
DA:558,0
DA:560,0
DA:570,0
DA:571,0
DA:572,0
DA:574,0
DA:582,0
DA:589,0
DA:590,0
DA:591,0
DA:592,0
DA:597,0
DA:603,0
DA:612,0
DA:619,0
DA:620,0
DA:622,0
DA:624,0
DA:625,0
DA:626,0
DA:628,0
DA:633,0
DA:639,0
DA:640,0
DA:647,0
DA:651,0
DA:652,0
DA:657,0
DA:659,0
DA:663,2
LF:115
LH:17
BRDA:39,0,0,0
BRDA:39,0,1,2
BRDA:333,1,0,0
BRDA:334,2,0,0
BRDA:334,2,1,0
BRDA:371,3,0,0
BRDA:371,3,1,0
BRDA:379,4,0,0
BRDA:379,4,1,0
BRDA:395,5,0,0
BRDA:395,5,1,0
BRDA:399,6,0,0
BRDA:399,6,1,0
BRDA:403,7,0,0
BRDA:403,7,1,0
BRDA:416,8,0,0
BRDA:416,8,1,0
BRDA:419,9,0,0
BRDA:419,9,1,0
BRDA:422,10,0,0
BRDA:422,10,1,0
BRDA:456,11,0,0
BRDA:456,11,1,0
BRDA:466,12,0,0
BRDA:466,12,1,0
BRDA:505,13,0,0
BRDA:505,13,1,0
BRDA:508,14,0,0
BRDA:508,14,1,0
BRDA:519,15,0,0
BRDA:519,15,1,0
BRDA:521,16,0,0
BRDA:521,16,1,0
BRDA:527,17,0,0
BRDA:527,17,1,0
BRDA:543,18,0,0
BRDA:543,18,1,0
BRDA:556,19,0,0
BRDA:556,19,1,0
BRDA:558,20,0,0
BRDA:558,20,1,0
BRDA:563,21,0,0
BRDA:563,21,1,0
BRDA:570,22,0,0
BRDA:570,22,1,0
BRDA:592,23,0,0
BRDA:592,23,1,0
BRDA:592,23,2,0
BRDA:618,24,0,0
BRF:49
BRH:1
end_of_record
TN:
SF:services/aiReviewer.refactored.js
FNF:0
FNH:0
LF:0
LH:0
BRF:0
BRH:0
end_of_record
TN:
SF:services/securityScanner.js
FN:12,(anonymous_0)
FN:22,(anonymous_1)
FN:226,(anonymous_2)
FN:286,(anonymous_3)
FN:307,(anonymous_4)
FN:308,(anonymous_5)
FN:324,(anonymous_6)
FN:356,(anonymous_7)
FN:363,(anonymous_8)
FN:370,(anonymous_9)
FN:385,(anonymous_10)
FN:399,(anonymous_11)
FN:416,(anonymous_12)
FN:419,(anonymous_13)
FN:431,(anonymous_14)
FN:432,(anonymous_15)
FN:437,(anonymous_16)
FN:442,(anonymous_17)
FN:465,(anonymous_18)
FN:466,(anonymous_19)
FN:473,(anonymous_20)
FN:475,(anonymous_21)
FN:484,(anonymous_22)
FN:489,(anonymous_23)
FN:491,(anonymous_24)
FN:503,(anonymous_25)
FN:512,(anonymous_26)
FN:513,(anonymous_27)
FN:524,(anonymous_28)
FN:539,(anonymous_29)
FN:554,(anonymous_30)
FN:555,(anonymous_31)
FN:557,(anonymous_32)
FN:559,(anonymous_33)
FN:559,(anonymous_34)
FN:560,(anonymous_35)
FNF:36
FNH:34
FNDA:4,(anonymous_0)
FNDA:4,(anonymous_1)
FNDA:5,(anonymous_2)
FNDA:5,(anonymous_3)
FNDA:1,(anonymous_4)
FNDA:4,(anonymous_5)
FNDA:30,(anonymous_6)
FNDA:9,(anonymous_7)
FNDA:9,(anonymous_8)
FNDA:9,(anonymous_9)
FNDA:9,(anonymous_10)
FNDA:17,(anonymous_11)
FNDA:5,(anonymous_12)
FNDA:9,(anonymous_13)
FNDA:5,(anonymous_14)
FNDA:9,(anonymous_15)
FNDA:9,(anonymous_16)
FNDA:9,(anonymous_17)
FNDA:5,(anonymous_18)
FNDA:9,(anonymous_19)
FNDA:4,(anonymous_20)
FNDA:8,(anonymous_21)
FNDA:5,(anonymous_22)
FNDA:9,(anonymous_23)
FNDA:0,(anonymous_24)
FNDA:0,(anonymous_25)
FNDA:5,(anonymous_26)
FNDA:9,(anonymous_27)
FNDA:4,(anonymous_28)
FNDA:4,(anonymous_29)
FNDA:4,(anonymous_30)
FNDA:9,(anonymous_31)
FNDA:8,(anonymous_32)
FNDA:21,(anonymous_33)
FNDA:9,(anonymous_34)
FNDA:14,(anonymous_35)
DA:6,4
DA:7,4
DA:8,4
DA:9,4
DA:13,4
DA:14,4
DA:15,4
DA:18,4
DA:19,4
DA:23,4
DA:227,5
DA:228,5
DA:234,5
DA:235,0
DA:238,5
DA:239,5
DA:246,5
DA:247,30
DA:248,30
DA:249,30
DA:252,5
DA:253,5
DA:256,5
DA:257,5
DA:258,5
DA:260,5
DA:269,5
DA:275,5
DA:278,0
DA:279,0
DA:287,5
DA:288,5
DA:289,5
DA:295,0
DA:296,0
DA:308,1
DA:309,4
DA:310,4
DA:313,1
DA:325,30
DA:327,30
DA:329,115
DA:330,9
DA:331,9
DA:333,9
DA:350,30
DA:357,9
DA:364,9
DA:371,9
DA:372,9
DA:373,9
DA:375,9
DA:386,9
DA:389,9
DA:390,9
DA:391,9
DA:393,9
DA:400,17
DA:410,17
DA:417,5
DA:419,4
DA:420,9
DA:424,4
DA:425,4
DA:432,5
DA:433,9
DA:434,9
DA:437,5
DA:438,9
DA:439,9
DA:442,5
DA:443,9
DA:444,9
DA:446,9
DA:449,5
DA:466,5
DA:467,9
DA:468,9
DA:469,9
DA:472,5
DA:473,4
DA:476,8
DA:477,8
DA:485,5
DA:486,5
DA:488,5
DA:489,9
DA:490,4
DA:491,0
DA:493,4
DA:503,5
DA:504,0
DA:505,0
DA:513,5
DA:514,9
DA:515,9
DA:516,9
DA:517,9
DA:525,4
DA:533,4
DA:540,4
DA:548,4
DA:555,9
DA:557,8
DA:559,21
DA:560,14
DA:565,4
LF:107
LH:99
BRDA:226,0,0,0
BRDA:234,1,0,0
BRDA:234,1,1,5
BRDA:286,2,0,0
BRDA:309,3,0,4
BRDA:309,3,1,3
BRDA:315,4,0,1
BRDA:315,4,1,0
BRDA:316,5,0,1
BRDA:316,5,1,0
BRDA:317,6,0,1
BRDA:317,6,1,0
BRDA:370,7,0,9
BRDA:389,8,0,2
BRDA:389,8,1,7
BRDA:390,9,0,9
BRDA:390,9,1,0
BRDA:391,10,0,4
BRDA:391,10,1,5
BRDA:410,11,0,17
BRDA:410,11,1,8
BRDA:417,12,0,1
BRDA:417,12,1,4
BRDA:420,13,0,9
BRDA:420,13,1,0
BRDA:433,14,0,9
BRDA:433,14,1,6
BRDA:438,15,0,9
BRDA:438,15,1,4
BRDA:443,16,0,9
BRDA:443,16,1,0
BRDA:444,17,0,9
BRDA:444,17,1,6
BRDA:452,18,0,5
BRDA:452,18,1,1
BRDA:453,19,0,5
BRDA:453,19,1,3
BRDA:454,20,0,5
BRDA:454,20,1,5
BRDA:465,21,0,0
BRDA:468,22,0,9
BRDA:468,22,1,8
BRDA:490,23,0,4
BRDA:490,23,1,0
BRDA:491,24,0,0
BRDA:491,24,1,0
BRDA:515,25,0,9
BRDA:515,25,1,4
BRDA:533,26,0,4
BRDA:533,26,1,4
BRDA:548,27,0,4
BRDA:548,27,1,4
BRF:52
BRH:39
end_of_record
TN:
SF:services/securityScanner.refactored.js
FNF:0
FNH:0
LF:0
LH:0
BRF:0
BRH:0
end_of_record
TN:
SF:services/testGenerator.js
FN:13,(anonymous_0)
FN:100,(anonymous_1)
FN:120,(anonymous_2)
FN:382,(anonymous_3)
FN:447,(anonymous_4)
FN:464,(anonymous_5)
FN:481,(anonymous_6)
FN:495,(anonymous_7)
FN:517,(anonymous_8)
FN:537,(anonymous_9)
FN:538,(anonymous_10)
FN:557,(anonymous_11)
FN:576,(anonymous_12)
FN:594,(anonymous_13)
FN:601,(anonymous_14)
FN:610,(anonymous_15)
FN:614,(anonymous_16)
FN:619,(anonymous_17)
FN:620,(anonymous_18)
FN:645,(anonymous_19)
FN:682,(anonymous_20)
FN:701,(anonymous_21)
FN:722,(anonymous_22)
FN:726,(anonymous_23)
FN:744,(anonymous_24)
FN:759,(anonymous_25)
FN:769,(anonymous_26)
FN:784,(anonymous_27)
FN:798,(anonymous_28)
FN:807,(anonymous_29)
FN:811,(anonymous_30)
FN:820,(anonymous_31)
FN:821,(anonymous_32)
FN:827,(anonymous_33)
FN:860,(anonymous_34)
FN:861,(anonymous_35)
FN:874,(anonymous_36)
FN:881,(anonymous_37)
FNF:38
FNH:3
FNDA:2,(anonymous_0)
FNDA:2,(anonymous_1)
FNDA:2,(anonymous_2)
FNDA:0,(anonymous_3)
FNDA:0,(anonymous_4)
FNDA:0,(anonymous_5)
FNDA:0,(anonymous_6)
FNDA:0,(anonymous_7)
FNDA:0,(anonymous_8)
FNDA:0,(anonymous_9)
FNDA:0,(anonymous_10)
FNDA:0,(anonymous_11)
FNDA:0,(anonymous_12)
FNDA:0,(anonymous_13)
FNDA:0,(anonymous_14)
FNDA:0,(anonymous_15)
FNDA:0,(anonymous_16)
FNDA:0,(anonymous_17)
FNDA:0,(anonymous_18)
FNDA:0,(anonymous_19)
FNDA:0,(anonymous_20)
FNDA:0,(anonymous_21)
FNDA:0,(anonymous_22)
FNDA:0,(anonymous_23)
FNDA:0,(anonymous_24)
FNDA:0,(anonymous_25)
FNDA:0,(anonymous_26)
FNDA:0,(anonymous_27)
FNDA:0,(anonymous_28)
FNDA:0,(anonymous_29)
FNDA:0,(anonymous_30)
FNDA:0,(anonymous_31)
FNDA:0,(anonymous_32)
FNDA:0,(anonymous_33)
FNDA:0,(anonymous_34)
FNDA:0,(anonymous_35)
FNDA:0,(anonymous_36)
FNDA:0,(anonymous_37)
DA:6,2
DA:7,2
DA:8,2
DA:9,2
DA:10,2
DA:14,2
DA:15,2
DA:16,2
DA:19,2
DA:22,2
DA:25,2
DA:34,2
DA:101,2
DA:102,2
DA:103,0
DA:106,2
DA:110,2
DA:112,0
DA:113,0
DA:121,2
DA:383,0
DA:384,0
DA:386,0
DA:387,0
DA:394,0
DA:397,0
DA:400,0
DA:403,0
DA:406,0
DA:409,0
DA:421,0
DA:427,0
DA:430,0
DA:432,0
DA:433,0
DA:436,0
DA:448,0
DA:449,0
DA:452,0
DA:453,0
DA:456,0
DA:457,0
DA:465,0
DA:474,0
DA:475,0
DA:483,0
DA:484,0
DA:485,0
DA:486,0
DA:487,0
DA:489,0
DA:496,0
DA:498,0
DA:499,0
DA:500,0
DA:501,0
DA:502,0
DA:505,0
DA:506,0
DA:507,0
DA:508,0
DA:511,0
DA:518,0
DA:531,0
DA:538,0
DA:539,0
DA:547,0
DA:551,0
DA:558,0
DA:559,0
DA:562,0
DA:563,0
DA:570,0
DA:577,0
DA:578,0
DA:581,0
DA:582,0
DA:588,0
DA:595,0
DA:602,0
DA:605,0
DA:606,0
DA:607,0
DA:609,0
DA:610,0
DA:613,0
DA:614,0
DA:618,0
DA:619,0
DA:620,0
DA:622,0
DA:623,0
DA:626,0
DA:630,0
DA:648,0
DA:649,0
DA:650,0
DA:652,0
DA:660,0
DA:661,0
DA:664,0
DA:667,0
DA:668,0
DA:670,0
DA:671,0
DA:676,0
DA:683,0
DA:684,0
DA:687,0
DA:690,0
DA:693,0
DA:694,0
DA:702,0
DA:710,0
DA:712,0
DA:713,0
DA:714,0
DA:724,0
DA:725,0
DA:726,0
DA:733,0
DA:736,0
DA:738,0
DA:745,0
DA:753,0
DA:760,0
DA:761,0
DA:763,0
DA:769,0
DA:770,0
DA:771,0
DA:773,0
DA:774,0
DA:778,0
DA:785,0
DA:786,0
DA:788,0
DA:795,0
DA:798,0
DA:799,0
DA:802,0
DA:803,0
DA:807,0
DA:808,0
DA:811,0
DA:812,0
DA:814,0
DA:821,0
DA:828,0
DA:829,0
DA:831,0
DA:833,0
DA:834,0
DA:835,0
DA:837,0
DA:842,0
DA:848,0
DA:849,0
DA:856,0
DA:860,0
DA:861,0
DA:866,0
DA:868,0
DA:875,0
DA:882,0
DA:883,0
DA:887,2
LF:167
LH:18
BRDA:102,0,0,0
BRDA:102,0,1,2
BRDA:382,1,0,0
BRDA:383,2,0,0
BRDA:383,2,1,0
BRDA:424,3,0,0
BRDA:424,3,1,0
BRDA:424,3,2,0
BRDA:432,4,0,0
BRDA:432,4,1,0
BRDA:448,5,0,0
BRDA:448,5,1,0
BRDA:452,6,0,0
BRDA:452,6,1,0
BRDA:456,7,0,0
BRDA:456,7,1,0
BRDA:466,8,0,0
BRDA:466,8,1,0
BRDA:467,9,0,0
BRDA:467,9,1,0
BRDA:483,10,0,0
BRDA:483,10,1,0
BRDA:483,11,0,0
BRDA:483,11,1,0
BRDA:484,12,0,0
BRDA:484,12,1,0
BRDA:484,13,0,0
BRDA:484,13,1,0
BRDA:484,13,2,0
BRDA:485,14,0,0
BRDA:485,14,1,0
BRDA:485,15,0,0
BRDA:485,15,1,0
BRDA:486,16,0,0
BRDA:486,16,1,0
BRDA:486,17,0,0
BRDA:486,17,1,0
BRDA:487,18,0,0
BRDA:487,18,1,0
BRDA:487,19,0,0
BRDA:487,19,1,0
BRDA:495,20,0,0
BRDA:498,21,0,0
BRDA:498,21,1,0
BRDA:499,22,0,0
BRDA:499,22,1,0
BRDA:499,23,0,0
BRDA:499,23,1,0
BRDA:500,24,0,0
BRDA:500,24,1,0
BRDA:500,25,0,0
BRDA:500,25,1,0
BRDA:501,26,0,0
BRDA:501,26,1,0
BRDA:505,27,0,0
BRDA:505,27,1,0
BRDA:506,28,0,0
BRDA:506,28,1,0
BRDA:507,29,0,0
BRDA:507,29,1,0
BRDA:541,30,0,0
BRDA:541,30,1,0
BRDA:542,31,0,0
BRDA:542,31,1,0
BRDA:543,32,0,0
BRDA:543,32,1,0
BRDA:544,33,0,0
BRDA:544,33,1,0
BRDA:564,34,0,0
BRDA:564,34,1,0
BRDA:609,35,0,0
BRDA:609,35,1,0
BRDA:613,36,0,0
BRDA:613,36,1,0
BRDA:622,37,0,0
BRDA:622,37,1,0
BRDA:660,38,0,0
BRDA:660,38,1,0
BRDA:670,39,0,0
BRDA:670,39,1,0
BRDA:710,40,0,0
BRDA:710,40,1,0
BRDA:713,41,0,0
BRDA:713,41,1,0
BRDA:725,42,0,0
BRDA:725,42,1,0
BRDA:727,43,0,0
BRDA:727,43,1,0
BRDA:753,44,0,0
BRDA:753,44,1,0
BRDA:761,45,0,0
BRDA:761,45,1,0
BRDA:770,46,0,0
BRDA:770,46,1,0
BRDA:771,47,0,0
BRDA:771,47,1,0
BRDA:773,48,0,0
BRDA:773,48,1,0
BRDA:774,49,0,0
BRDA:774,49,1,0
BRDA:786,50,0,0
BRDA:786,50,1,0
BRDA:795,51,0,0
BRDA:795,51,1,0
BRDA:802,52,0,0
BRDA:802,52,1,0
BRDA:827,53,0,0
BRDA:874,54,0,0
BRDA:875,55,0,0
BRDA:875,55,1,0
BRDA:883,56,0,0
BRDA:883,56,1,0
BRF:112
BRH:1
end_of_record
TN:
SF:services/testGenerator.refactored.js
FNF:0
FNH:0
LF:0
LH:0
BRF:0
BRH:0
end_of_record
TN:
SF:utils/errorHandler.js
FN:7,(anonymous_0)
FN:17,(anonymous_1)
FN:83,(anonymous_2)
FN:84,(anonymous_3)
FN:90,(anonymous_4)
FNF:5
FNH:0
FNDA:0,(anonymous_0)
FNDA:0,(anonymous_1)
FNDA:0,(anonymous_2)
FNDA:0,(anonymous_3)
FNDA:0,(anonymous_4)
DA:2,5
DA:3,5
DA:8,0
DA:16,0
DA:17,0
DA:18,0
DA:24,0
DA:25,0
DA:30,0
DA:31,0
DA:37,0
DA:38,0
DA:43,0
DA:44,0
DA:50,0
DA:51,0
DA:56,0
DA:57,0
DA:63,0
DA:64,0
DA:70,0
DA:71,0
DA:75,0
DA:84,0
DA:85,0
DA:91,0
DA:100,5
LF:27
LH:3
BRDA:16,0,0,0
BRDA:16,0,1,0
BRDA:24,1,0,0
BRDA:24,1,1,0
BRDA:30,2,0,0
BRDA:30,2,1,0
BRDA:37,3,0,0
BRDA:37,3,1,0
BRDA:43,4,0,0
BRDA:43,4,1,0
BRDA:50,5,0,0
BRDA:50,5,1,0
BRDA:50,6,0,0
BRDA:50,6,1,0
BRDA:56,7,0,0
BRDA:56,7,1,0
BRDA:56,8,0,0
BRDA:56,8,1,0
BRDA:63,9,0,0
BRDA:63,9,1,0
BRDA:70,10,0,0
BRDA:70,10,1,0
BRDA:70,10,2,0
BRDA:71,11,0,0
BRDA:71,11,1,0
BRDA:77,12,0,0
BRDA:77,12,1,0
BRF:27
BRH:0
end_of_record
TN:
SF:utils/logger.js
FN:13,(anonymous_0)
FN:40,(anonymous_1)
FN:44,(anonymous_2)
FN:55,(anonymous_3)
FN:59,(anonymous_4)
FN:64,(anonymous_5)
FN:65,(anonymous_6)
FN:68,(anonymous_7)
FNF:8
FNH:2
FNDA:5,(anonymous_0)
FNDA:14,(anonymous_1)
FNDA:0,(anonymous_2)
FNDA:0,(anonymous_3)
FNDA:0,(anonymous_4)
FNDA:0,(anonymous_5)
FNDA:0,(anonymous_6)
FNDA:0,(anonymous_7)
DA:2,5
DA:3,5
DA:4,5
DA:7,5
DA:8,5
DA:9,0
DA:14,5
DA:41,14
DA:45,0
DA:56,0
DA:60,0
DA:65,0
DA:66,0
DA:68,0
DA:69,0
DA:70,0
DA:80,0
DA:86,5
LF:18
LH:8
BRDA:8,0,0,0
BRDA:8,0,1,5
BRDA:15,1,0,5
BRDA:15,1,1,0
BRDA:40,2,0,4
BRDA:44,3,0,0
BRDA:44,4,0,0
BRDA:46,5,0,0
BRDA:46,5,1,0
BRDA:55,6,0,0
BRDA:59,7,0,0
BRF:11
BRH:3
end_of_record
TN:
SF:utils/responseFormatter.js
FN:3,(anonymous_0)
FN:12,(anonymous_1)
FN:24,(anonymous_2)
FNF:3
FNH:3
FNDA:28,(anonymous_0)
FNDA:6,(anonymous_1)
FNDA:6,(anonymous_2)
DA:4,28
DA:13,6
DA:25,6
DA:39,7
DA:41,7
LF:5
LH:5
BRDA:3,0,0,0
BRDA:3,1,0,17
BRDA:12,2,0,2
BRDA:12,3,0,4
BRF:4
BRH:3
end_of_record
TN:
SF:utils/validationUtils.js
FN:7,(anonymous_0)
FN:9,(anonymous_1)
FN:40,(anonymous_2)
FN:46,(anonymous_3)
FN:57,(anonymous_4)
FN:65,(anonymous_5)
FN:75,(anonymous_6)
FN:113,(anonymous_7)
FN:134,(anonymous_8)
FN:154,(anonymous_9)
FN:173,(anonymous_10)
FN:190,(anonymous_11)
FN:215,(anonymous_12)
FN:234,(anonymous_13)
FN:240,(anonymous_14)
FNF:15
FNH:12
FNDA:1,(anonymous_0)
FNDA:0,(anonymous_1)
FNDA:0,(anonymous_2)
FNDA:0,(anonymous_3)
FNDA:4,(anonymous_4)
FNDA:12,(anonymous_5)
FNDA:11,(anonymous_6)
FNDA:34,(anonymous_7)
FNDA:12,(anonymous_8)
FNDA:54,(anonymous_9)
FNDA:10,(anonymous_10)
FNDA:4,(anonymous_11)
FNDA:16,(anonymous_12)
FNDA:5,(anonymous_13)
FNDA:5,(anonymous_14)
DA:2,6
DA:3,6
DA:8,1
DA:10,0
DA:11,0
DA:14,0
DA:25,0
DA:26,0
DA:29,0
DA:30,0
DA:31,0
DA:34,0
DA:41,0
DA:42,0
DA:43,0
DA:46,0
DA:53,0
DA:59,4
DA:66,12
DA:67,9
DA:71,3
DA:76,11
DA:77,2
DA:84,9
DA:85,9
DA:88,9
DA:89,9
DA:90,9
DA:93,9
DA:94,9
DA:95,9
DA:96,1
DA:98,9
DA:99,2
DA:103,9
DA:104,9
DA:106,9
DA:107,3
DA:111,9
DA:112,9
DA:113,34
DA:114,1
DA:118,9
DA:120,9
DA:135,12
DA:136,3
DA:142,9
DA:145,9
DA:154,9
DA:155,54
DA:156,54
DA:157,9
DA:166,9
DA:174,10
DA:176,7
DA:191,4
DA:193,4
DA:194,4
DA:196,3
DA:201,2
DA:208,4
DA:216,16
DA:218,16
DA:219,16
DA:230,16
DA:235,5
DA:236,5
DA:241,5
DA:242,0
DA:246,5
DA:247,0
DA:250,5
DA:254,6
LF:73
LH:57
BRDA:10,0,0,0
BRDA:10,0,1,0
BRDA:25,1,0,0
BRDA:25,1,1,0
BRDA:30,2,0,0
BRDA:30,2,1,0
BRDA:42,3,0,0
BRDA:42,3,1,0
BRDA:66,4,0,9
BRDA:66,4,1,3
BRDA:66,5,0,12
BRDA:66,5,1,7
BRDA:71,6,0,3
BRDA:71,6,1,2
BRDA:76,7,0,2
BRDA:76,7,1,9
BRDA:88,8,0,0
BRDA:88,8,1,9
BRDA:89,9,0,1
BRDA:89,9,1,8
BRDA:89,10,0,9
BRDA:89,10,1,1
BRDA:90,11,0,1
BRDA:90,11,1,8
BRDA:90,12,0,9
BRDA:90,12,1,1
BRDA:94,13,0,9
BRDA:94,13,1,2
BRDA:94,14,0,1
BRDA:94,14,1,1
BRDA:94,15,0,1
BRDA:94,15,1,1
BRDA:95,16,0,1
BRDA:95,16,1,8
BRDA:98,17,0,2
BRDA:98,17,1,7
BRDA:104,18,0,9
BRDA:104,18,1,9
BRDA:104,19,0,9
BRDA:104,19,1,0
BRDA:106,20,0,3
BRDA:106,20,1,6
BRDA:106,21,0,9
BRDA:106,21,1,9
BRDA:112,22,0,9
BRDA:112,22,1,0
BRDA:113,23,0,1
BRDA:113,23,1,8
BRDA:135,24,0,3
BRDA:135,24,1,9
BRDA:156,25,0,9
BRDA:156,25,1,45
BRDA:174,26,0,3
BRDA:174,26,1,7
BRDA:194,27,0,3
BRDA:194,27,1,1
BRDA:194,28,0,4
BRDA:194,28,1,2
BRDA:216,29,0,0
BRDA:216,29,1,16
BRDA:230,30,0,16
BRDA:230,30,1,6
BRDA:235,31,0,1
BRDA:235,31,1,4
BRDA:241,32,0,0
BRDA:241,32,1,5
BRDA:241,33,0,5
BRDA:241,33,1,5
BRDA:246,34,0,0
BRDA:246,34,1,5
BRF:70
BRH:56
end_of_record
